GROUP,PACKAGE,CLASS,INSTRUCTION_MISSED,INSTRUCTION_COVERED,BRANCH_MISSED,BRANCH_COVERED,LINE_MISSED,LINE_COVERED,COMPLEXITY_MISSED,COMPLEXITY_COVERED,METHOD_MISSED,METHOD_COVERED
com.irurueta:irurueta-navigation,com.irurueta.navigation.inertial,NEDMagneticFluxDensity,8,431,5,15,3,110,4,47,0,41
com.irurueta:irurueta-navigation,com.irurueta.navigation.inertial,INSLooselyCoupledKalmanInitializerConfig,0,400,4,14,0,110,4,43,0,38
com.irurueta:irurueta-navigation,com.irurueta.navigation.inertial,INSLooselyCoupledKalmanEpochEstimator,23,2219,0,16,5,424,3,104,3,96
com.irurueta:irurueta-navigation,com.irurueta.navigation.inertial,NEDVelocity,0,304,2,12,0,80,2,36,0,31
com.irurueta:irurueta-navigation,com.irurueta.navigation.inertial,INSLooselyCoupledKalmanState,9,1725,17,63,1,461,17,144,0,121
com.irurueta:irurueta-navigation,com.irurueta.navigation.inertial,INSGNSSException,0,16,0,0,0,8,0,4,0,4
com.irurueta:irurueta-navigation,com.irurueta.navigation.inertial,INSLooselyCoupledKalmanFilteredEstimator,53,1097,8,84,40,356,8,122,0,84
com.irurueta:irurueta-navigation,com.irurueta.navigation.inertial,ECEFGravity,0,49,0,6,0,19,0,9,0,6
com.irurueta:irurueta-navigation,com.irurueta.navigation.inertial,BodyMagneticFluxDensity,8,431,5,15,3,111,4,47,0,41
com.irurueta:irurueta-navigation,com.irurueta.navigation.inertial,INSGNSSLooselyCoupledKalmanFilteredEstimator.new INSLooselyCoupledKalmanFilteredEstimatorListener() {...},0,51,4,4,0,14,4,6,0,6
com.irurueta:irurueta-navigation,com.irurueta.navigation.inertial,ECIGravitation,0,49,0,6,0,19,0,9,0,6
com.irurueta:irurueta-navigation,com.irurueta.navigation.inertial,INSTightlyCoupledKalmanInitializerConfig,0,532,6,16,0,143,6,53,0,48
com.irurueta:irurueta-navigation,com.irurueta.navigation.inertial,BodyKinematicsAndMagneticFluxDensity,0,184,5,27,0,50,5,27,0,16
com.irurueta:irurueta-navigation,com.irurueta.navigation.inertial,INSGNSSLooselyCoupledKalmanFilteredEstimator,110,1261,14,94,54,386,14,130,0,90
com.irurueta:irurueta-navigation,com.irurueta.navigation.inertial,INSTightlyCoupledKalmanInitializer,5,150,1,13,3,36,2,8,1,2
com.irurueta:irurueta-navigation,com.irurueta.navigation.inertial,ECEFPosition,4,403,2,18,3,104,2,47,0,39
com.irurueta:irurueta-navigation,com.irurueta.navigation.inertial,InertialException,0,16,0,0,0,8,0,4,0,4
com.irurueta:irurueta-navigation,com.irurueta.navigation.inertial,GravityOrGravitation,4,347,3,11,3,89,3,37,0,33
com.irurueta:irurueta-navigation,com.irurueta.navigation.inertial,INSLooselyCoupledKalmanConfig,0,358,5,15,0,94,5,36,0,31
com.irurueta:irurueta-navigation,com.irurueta.navigation.inertial,INSException,0,16,0,0,0,8,0,4,0,4
com.irurueta:irurueta-navigation,com.irurueta.navigation.inertial,INSTightlyCoupledKalmanState,9,2025,20,64,1,541,20,156,0,134
com.irurueta:irurueta-navigation,com.irurueta.navigation.inertial,INSTightlyCoupledKalmanEpochEstimator,3,1335,2,28,1,287,3,39,1,26
com.irurueta:irurueta-navigation,com.irurueta.navigation.inertial,BodyKinematics,8,817,7,25,6,201,7,78,0,69
com.irurueta:irurueta-navigation,com.irurueta.navigation.inertial,INSGNSSTightlyCoupledKalmanFilteredEstimator,86,1258,11,101,46,397,11,134,0,89
com.irurueta:irurueta-navigation,com.irurueta.navigation.inertial,RadiiOfCurvature,0,202,1,11,0,60,1,28,0,23
com.irurueta:irurueta-navigation,com.irurueta.navigation.inertial,NEDPosition,0,268,2,12,0,75,2,33,0,28
com.irurueta:irurueta-navigation,com.irurueta.navigation.inertial,INSLooselyCoupledKalmanInitializer,5,126,1,13,3,30,2,8,1,2
com.irurueta:irurueta-navigation,com.irurueta.navigation.inertial,ECEFVelocity,4,371,3,17,3,97,3,43,0,36
com.irurueta:irurueta-navigation,com.irurueta.navigation.inertial,INSTightlyCoupledKalmanConfig,0,430,7,17,0,110,7,40,0,35
com.irurueta:irurueta-navigation,com.irurueta.navigation.inertial,NEDGravity,8,319,4,14,3,91,3,40,0,34
com.irurueta:irurueta-navigation,com.irurueta.navigation.geodesic,GeodesicLine,26,1219,24,70,2,185,23,51,0,27
com.irurueta:irurueta-navigation,com.irurueta.navigation.geodesic,GeoMath,5,413,2,50,0,86,2,43,0,17
com.irurueta:irurueta-navigation,com.irurueta.navigation.geodesic,GeodesicData,0,123,0,0,0,39,0,25,0,25
com.irurueta:irurueta-navigation,com.irurueta.navigation.geodesic,Geodesic.Lambda12V,0,36,0,0,0,3,0,1,0,1
com.irurueta:irurueta-navigation,com.irurueta.navigation.geodesic,GnomonicData,0,110,0,0,0,37,0,18,0,18
com.irurueta:irurueta-navigation,com.irurueta.navigation.geodesic,Accumulator,0,92,0,2,0,28,0,8,0,7
com.irurueta:irurueta-navigation,com.irurueta.navigation.geodesic,Geodesic,147,4069,35,217,24,559,32,133,0,39
com.irurueta:irurueta-navigation,com.irurueta.navigation.geodesic,Geodesic.InverseStartV,0,21,0,0,0,3,0,1,0,1
com.irurueta:irurueta-navigation,com.irurueta.navigation.geodesic,Gnomonic,20,195,7,9,2,44,7,7,0,6
com.irurueta:irurueta-navigation,com.irurueta.navigation.geodesic,PolygonResult,0,33,0,0,0,14,0,7,0,7
com.irurueta:irurueta-navigation,com.irurueta.navigation.geodesic,Geodesic.InverseData,0,20,0,0,0,4,0,1,0,1
com.irurueta:irurueta-navigation,com.irurueta.navigation.geodesic,PolygonArea,122,704,30,92,13,125,24,50,0,13
com.irurueta:irurueta-navigation,com.irurueta.navigation.geodesic,Geodesic.LengthsV,0,18,0,0,0,3,0,1,0,1
com.irurueta:irurueta-navigation,com.irurueta.navigation.geodesic,Pair,0,23,0,0,0,10,0,5,0,5
com.irurueta:irurueta-navigation,com.irurueta.navigation.geodesic,GeodesicException,0,16,0,0,0,8,0,4,0,4
com.irurueta:irurueta-navigation,com.irurueta.navigation.inertial.calibration.magnetometer,KnownHardIronAndFrameMagnetometerNonLinearLeastSquaresCalibrator.new LevenbergMarquardtMultiVariateFunctionEvaluator() {...},0,226,0,0,0,42,0,5,0,5
com.irurueta:irurueta-navigation,com.irurueta.navigation.inertial.calibration.magnetometer,KnownHardIronAndFrameMagnetometerNonLinearLeastSquaresCalibrator.new LevenbergMarquardtMultiVariateFunctionEvaluator() {...},0,313,0,0,0,57,0,5,0,5
com.irurueta:irurueta-navigation,com.irurueta.navigation.inertial.calibration.magnetometer,KnownHardIronAndFrameMagnetometerNonLinearLeastSquaresCalibrator,26,2616,2,114,14,701,2,247,0,191
com.irurueta:irurueta-navigation,com.irurueta.navigation.inertial.calibration.magnetometer,MSACRobustKnownHardIronAndFrameMagnetometerCalibrator,26,147,4,8,8,43,4,14,0,12
com.irurueta:irurueta-navigation,com.irurueta.navigation.inertial.calibration.magnetometer,KnownFrameMagnetometerLinearLeastSquaresCalibrator,10,1171,1,79,3,288,1,95,0,56
com.irurueta:irurueta-navigation,com.irurueta.navigation.inertial.calibration.magnetometer,MSACRobustKnownHardIronPositionAndInstantMagnetometerCalibrator,22,481,3,9,7,112,3,49,0,46
com.irurueta:irurueta-navigation,com.irurueta.navigation.inertial.calibration.magnetometer,KnownFrameMagnetometerNonLinearLeastSquaresCalibrator.new LevenbergMarquardtMultiVariateFunctionEvaluator() {...},0,295,0,0,0,57,0,5,0,5
com.irurueta:irurueta-navigation,com.irurueta.navigation.inertial.calibration.magnetometer,KnownFrameMagnetometerNonLinearLeastSquaresCalibrator.new LevenbergMarquardtMultiVariateFunctionEvaluator() {...},0,382,0,0,0,72,0,5,0,5
com.irurueta:irurueta-navigation,com.irurueta.navigation.inertial.calibration.magnetometer,RANSACRobustKnownFrameMagnetometerCalibrator.new RANSACRobustEstimatorListener() {...},0,66,2,2,0,16,2,11,0,11
com.irurueta:irurueta-navigation,com.irurueta.navigation.inertial.calibration.magnetometer,RobustKnownHardIronPositionAndInstantMagnetometerCalibrator,45,5878,8,576,20,1069,8,683,0,276
com.irurueta:irurueta-navigation,com.irurueta.navigation.inertial.calibration.magnetometer,RobustKnownHardIronAndFrameMagnetometerCalibrator,52,2149,10,214,19,509,10,257,0,131
com.irurueta:irurueta-navigation,com.irurueta.navigation.inertial.calibration.magnetometer,RANSACRobustKnownPositionAndInstantMagnetometerCalibrator,22,783,5,19,7,126,5,57,0,50
com.irurueta:irurueta-navigation,com.irurueta.navigation.inertial.calibration.magnetometer,LMedSRobustKnownHardIronAndFrameMagnetometerCalibrator.new LMedSRobustEstimatorListener() {...},0,62,2,2,0,15,2,10,0,10
com.irurueta:irurueta-navigation,com.irurueta.navigation.inertial.calibration.magnetometer,MSACRobustKnownHardIronAndFrameMagnetometerCalibrator.new MSACRobustEstimatorListener() {...},0,66,2,2,0,16,2,11,0,11
com.irurueta:irurueta-navigation,com.irurueta.navigation.inertial.calibration.magnetometer,KnownHardIronPositionAndInstantMagnetometerCalibrator,32,2237,5,151,14,581,5,213,0,140
com.irurueta:irurueta-navigation,com.irurueta.navigation.inertial.calibration.magnetometer,PROMedSRobustKnownHardIronAndFrameMagnetometerCalibrator.new PROMedSRobustEstimatorListener() {...},12,58,3,1,3,14,3,11,1,11
com.irurueta:irurueta-navigation,com.irurueta.navigation.inertial.calibration.magnetometer,PROMedSRobustKnownPositionAndInstantMagnetometerCalibrator.new PROMedSRobustEstimatorListener() {...},12,58,3,1,3,14,3,11,1,11
com.irurueta:irurueta-navigation,com.irurueta.navigation.inertial.calibration.magnetometer,PROSACRobustKnownPositionAndInstantMagnetometerCalibrator.new PROSACRobustEstimatorListener() {...},12,58,3,1,3,14,3,11,1,11
com.irurueta:irurueta-navigation,com.irurueta.navigation.inertial.calibration.magnetometer,PROMedSRobustKnownFrameMagnetometerCalibrator.new PROMedSRobustEstimatorListener() {...},12,58,3,1,3,14,3,11,1,11
com.irurueta:irurueta-navigation,com.irurueta.navigation.inertial.calibration.magnetometer,RANSACRobustKnownPositionAndInstantMagnetometerCalibrator.new RANSACRobustEstimatorListener() {...},0,66,2,2,0,16,2,11,0,11
com.irurueta:irurueta-navigation,com.irurueta.navigation.inertial.calibration.magnetometer,RANSACRobustKnownHardIronPositionAndInstantMagnetometerCalibrator.new RANSACRobustEstimatorListener() {...},0,66,2,2,0,16,2,11,0,11
com.irurueta:irurueta-navigation,com.irurueta.navigation.inertial.calibration.magnetometer,RANSACRobustKnownFrameMagnetometerCalibrator,26,245,6,18,8,57,6,22,0,16
com.irurueta:irurueta-navigation,com.irurueta.navigation.inertial.calibration.magnetometer,KnownHardIronPositionAndInstantMagnetometerCalibrator.new MultiDimensionFunctionEvaluatorListener() {...},0,11,0,0,0,2,0,2,0,2
com.irurueta:irurueta-navigation,com.irurueta.navigation.inertial.calibration.magnetometer,KnownHardIronPositionAndInstantMagnetometerCalibrator.new MultiDimensionFunctionEvaluatorListener() {...},0,11,0,0,0,2,0,2,0,2
com.irurueta:irurueta-navigation,com.irurueta.navigation.inertial.calibration.magnetometer,KnownHardIronPositionAndInstantMagnetometerCalibrator.new LevenbergMarquardtMultiDimensionFunctionEvaluator() {...},0,49,0,0,0,8,0,4,0,4
com.irurueta:irurueta-navigation,com.irurueta.navigation.inertial.calibration.magnetometer,KnownHardIronPositionAndInstantMagnetometerCalibrator.new LevenbergMarquardtMultiDimensionFunctionEvaluator() {...},0,78,0,6,0,15,0,7,0,4
com.irurueta:irurueta-navigation,com.irurueta.navigation.inertial.calibration.magnetometer,LMedSRobustKnownHardIronPositionAndInstantMagnetometerCalibrator,22,485,3,9,7,113,3,49,0,46
com.irurueta:irurueta-navigation,com.irurueta.navigation.inertial.calibration.magnetometer,RobustKnownPositionAndInstantMagnetometerCalibrator.PreliminaryResult,0,3,0,0,0,1,0,1,0,1
com.irurueta:irurueta-navigation,com.irurueta.navigation.inertial.calibration.magnetometer,LMedSRobustKnownHardIronAndFrameMagnetometerCalibrator,26,151,4,8,8,44,4,14,0,12
com.irurueta:irurueta-navigation,com.irurueta.navigation.inertial.calibration.magnetometer,LMedSRobustKnownPositionAndInstantMagnetometerCalibrator,22,485,3,9,7,113,3,49,0,46
com.irurueta:irurueta-navigation,com.irurueta.navigation.inertial.calibration.magnetometer,KnownHardIronAndFrameMagnetometerLinearLeastSquaresCalibrator,20,1836,3,81,9,504,3,155,0,116
com.irurueta:irurueta-navigation,com.irurueta.navigation.inertial.calibration.magnetometer,PROSACRobustKnownHardIronPositionAndInstantMagnetometerCalibrator,26,1561,8,28,8,256,8,104,0,94
com.irurueta:irurueta-navigation,com.irurueta.navigation.inertial.calibration.magnetometer,PROSACRobustKnownFrameMagnetometerCalibrator.new PROSACRobustEstimatorListener() {...},0,70,2,2,0,17,2,12,0,12
com.irurueta:irurueta-navigation,com.irurueta.navigation.inertial.calibration.magnetometer,RobustKnownPositionAndInstantMagnetometerCalibrator,60,6429,11,643,23,1195,11,750,0,311
com.irurueta:irurueta-navigation,com.irurueta.navigation.inertial.calibration.magnetometer,MSACRobustKnownFrameMagnetometerCalibrator,26,147,4,8,8,43,4,14,0,12
com.irurueta:irurueta-navigation,com.irurueta.navigation.inertial.calibration.magnetometer,PROMedSRobustKnownHardIronPositionAndInstantMagnetometerCalibrator.new PROMedSRobustEstimatorListener() {...},12,58,3,1,3,14,3,11,1,11
com.irurueta:irurueta-navigation,com.irurueta.navigation.inertial.calibration.magnetometer,PROMedSRobustKnownHardIronAndFrameMagnetometerCalibrator,30,275,6,18,9,78,6,30,0,24
com.irurueta:irurueta-navigation,com.irurueta.navigation.inertial.calibration.magnetometer,PROMedSRobustKnownFrameMagnetometerCalibrator,30,275,6,18,9,78,6,30,0,24
com.irurueta:irurueta-navigation,com.irurueta.navigation.inertial.calibration.magnetometer,KnownPositionAndInstantMagnetometerCalibrator.new MultiDimensionFunctionEvaluatorListener() {...},0,11,0,0,0,2,0,2,0,2
com.irurueta:irurueta-navigation,com.irurueta.navigation.inertial.calibration.magnetometer,KnownPositionAndInstantMagnetometerCalibrator.new LevenbergMarquardtMultiDimensionFunctionEvaluator() {...},0,95,0,8,0,17,0,8,0,4
com.irurueta:irurueta-navigation,com.irurueta.navigation.inertial.calibration.magnetometer,KnownPositionAndInstantMagnetometerCalibrator.new MultiDimensionFunctionEvaluatorListener() {...},0,11,0,0,0,2,0,2,0,2
com.irurueta:irurueta-navigation,com.irurueta.navigation.inertial.calibration.magnetometer,KnownPositionAndInstantMagnetometerCalibrator.new LevenbergMarquardtMultiDimensionFunctionEvaluator() {...},0,86,0,4,0,14,0,6,0,4
com.irurueta:irurueta-navigation,com.irurueta.navigation.inertial.calibration.magnetometer,RANSACRobustKnownHardIronAndFrameMagnetometerCalibrator,26,245,6,18,8,57,6,22,0,16
com.irurueta:irurueta-navigation,com.irurueta.navigation.inertial.calibration.magnetometer,RobustKnownFrameMagnetometerCalibrator.PreliminaryResult,0,3,0,0,0,1,0,1,0,1
com.irurueta:irurueta-navigation,com.irurueta.navigation.inertial.calibration.magnetometer,MSACRobustKnownHardIronPositionAndInstantMagnetometerCalibrator.new MSACRobustEstimatorListener() {...},0,66,2,2,0,16,2,11,0,11
com.irurueta:irurueta-navigation,com.irurueta.navigation.inertial.calibration.magnetometer,PROSACRobustKnownHardIronPositionAndInstantMagnetometerCalibrator.new PROSACRobustEstimatorListener() {...},12,58,3,1,3,14,3,11,1,11
com.irurueta:irurueta-navigation,com.irurueta.navigation.inertial.calibration.magnetometer,PROSACRobustKnownFrameMagnetometerCalibrator,30,418,8,28,9,91,8,38,0,28
com.irurueta:irurueta-navigation,com.irurueta.navigation.inertial.calibration.magnetometer,PROMedSRobustKnownPositionAndInstantMagnetometerCalibrator,26,1022,6,18,8,243,6,96,0,90
com.irurueta:irurueta-navigation,com.irurueta.navigation.inertial.calibration.magnetometer,LMedSRobustKnownHardIronPositionAndInstantMagnetometerCalibrator.new LMedSRobustEstimatorListener() {...},12,50,3,1,3,12,3,9,1,9
com.irurueta:irurueta-navigation,com.irurueta.navigation.inertial.calibration.magnetometer,LMedSRobustKnownFrameMagnetometerCalibrator.new LMedSRobustEstimatorListener() {...},0,62,2,2,0,15,2,10,0,10
com.irurueta:irurueta-navigation,com.irurueta.navigation.inertial.calibration.magnetometer,RobustKnownFrameMagnetometerCalibrator,67,2697,13,281,22,635,13,324,0,166
com.irurueta:irurueta-navigation,com.irurueta.navigation.inertial.calibration.magnetometer,KnownFrameMagnetometerNonLinearLeastSquaresCalibrator,99,3102,13,175,25,818,13,307,0,226
com.irurueta:irurueta-navigation,com.irurueta.navigation.inertial.calibration.magnetometer,RANSACRobustKnownHardIronPositionAndInstantMagnetometerCalibrator,22,783,5,19,7,126,5,57,0,50
com.irurueta:irurueta-navigation,com.irurueta.navigation.inertial.calibration.magnetometer,LMedSRobustKnownPositionAndInstantMagnetometerCalibrator.new LMedSRobustEstimatorListener() {...},12,50,3,1,3,12,3,9,1,9
com.irurueta:irurueta-navigation,com.irurueta.navigation.inertial.calibration.magnetometer,PROSACRobustKnownHardIronAndFrameMagnetometerCalibrator.new PROSACRobustEstimatorListener() {...},0,70,2,2,0,17,2,12,0,12
com.irurueta:irurueta-navigation,com.irurueta.navigation.inertial.calibration.magnetometer,MSACRobustKnownFrameMagnetometerCalibrator.new MSACRobustEstimatorListener() {...},0,66,2,2,0,16,2,11,0,11
com.irurueta:irurueta-navigation,com.irurueta.navigation.inertial.calibration.magnetometer,MSACRobustKnownPositionAndInstantMagnetometerCalibrator,22,481,3,9,7,112,3,49,0,46
com.irurueta:irurueta-navigation,com.irurueta.navigation.inertial.calibration.magnetometer,KnownPositionAndInstantMagnetometerCalibrator,37,3060,8,216,16,765,8,279,0,175
com.irurueta:irurueta-navigation,com.irurueta.navigation.inertial.calibration.magnetometer,PROSACRobustKnownHardIronAndFrameMagnetometerCalibrator,30,418,8,28,9,91,8,38,0,28
com.irurueta:irurueta-navigation,com.irurueta.navigation.inertial.calibration.magnetometer,RANSACRobustKnownHardIronAndFrameMagnetometerCalibrator.new RANSACRobustEstimatorListener() {...},0,66,2,2,0,16,2,11,0,11
com.irurueta:irurueta-navigation,com.irurueta.navigation.inertial.calibration.magnetometer,PROSACRobustKnownPositionAndInstantMagnetometerCalibrator,26,1561,8,28,8,256,8,104,0,94
com.irurueta:irurueta-navigation,com.irurueta.navigation.inertial.calibration.magnetometer,LMedSRobustKnownFrameMagnetometerCalibrator,26,151,4,8,8,44,4,14,0,12
com.irurueta:irurueta-navigation,com.irurueta.navigation.inertial.calibration.magnetometer,MSACRobustKnownPositionAndInstantMagnetometerCalibrator.new MSACRobustEstimatorListener() {...},0,66,2,2,0,16,2,11,0,11
com.irurueta:irurueta-navigation,com.irurueta.navigation.inertial.calibration.magnetometer,PROMedSRobustKnownHardIronPositionAndInstantMagnetometerCalibrator,26,1022,6,18,8,243,6,96,0,90
com.irurueta:irurueta-navigation,com.irurueta.navigation.indoor.fingerprint,FingerprintEstimationException,0,16,0,0,0,8,0,4,0,4
com.irurueta:irurueta-navigation,com.irurueta.navigation.indoor.fingerprint,FingerprintPositionAndRadioSourceEstimator,0,44,0,2,0,14,0,7,0,6
com.irurueta:irurueta-navigation,com.irurueta.navigation.indoor.fingerprint,NonLinearFingerprintPositionEstimator.new LevenbergMarquardtMultiDimensionFunctionEvaluator() {...},1,104,1,11,1,19,1,9,0,4
com.irurueta:irurueta-navigation,com.irurueta.navigation.indoor.fingerprint,FirstOrderNonLinearFingerprintPositionEstimator2D,7,165,2,2,4,41,2,9,0,9
com.irurueta:irurueta-navigation,com.irurueta.navigation.indoor.fingerprint,NonLinearFingerprintPositionAndRadioSourceEstimator.new LevenbergMarquardtMultiDimensionFunctionEvaluator() {...},0,271,0,14,0,50,0,11,0,4
com.irurueta:irurueta-navigation,com.irurueta.navigation.indoor.fingerprint,FirstOrderNonLinearFingerprintPositionEstimator3D,7,209,2,2,4,49,2,9,0,9
com.irurueta:irurueta-navigation,com.irurueta.navigation.indoor.fingerprint,FingerprintPositionEstimator,0,127,2,14,0,37,2,20,0,14
com.irurueta:irurueta-navigation,com.irurueta.navigation.indoor.fingerprint,NonLinearFingerprintPositionEstimatorType,0,34,0,0,0,4,0,1,0,1
com.irurueta:irurueta-navigation,com.irurueta.navigation.indoor.fingerprint,NonLinearFingerprintPositionAndRadioSourceEstimator,71,1382,32,126,12,318,30,83,0,34
com.irurueta:irurueta-navigation,com.irurueta.navigation.indoor.fingerprint,SecondOrderNonLinearFingerprintPositionEstimator3D,7,376,2,2,4,59,2,9,0,9
com.irurueta:irurueta-navigation,com.irurueta.navigation.indoor.fingerprint,BaseFingerprintPositionAndRadioSourceEstimator,0,227,3,31,0,69,3,39,0,25
com.irurueta:irurueta-navigation,com.irurueta.navigation.indoor.fingerprint,NonLinearFingerprintPositionEstimator2D,0,239,0,20,0,48,0,33,0,20
com.irurueta:irurueta-navigation,com.irurueta.navigation.indoor.fingerprint,BaseFingerprintPositionEstimator,0,230,3,27,0,72,3,35,0,23
com.irurueta:irurueta-navigation,com.irurueta.navigation.indoor.fingerprint,SecondOrderNonLinearFingerprintPositionEstimator2D,7,248,2,2,4,47,2,9,0,9
com.irurueta:irurueta-navigation,com.irurueta.navigation.indoor.fingerprint,NonLinearFingerprintPositionEstimator,63,784,26,64,11,183,23,46,0,24
com.irurueta:irurueta-navigation,com.irurueta.navigation.indoor.fingerprint,NonLinearFingerprintPositionAndRadioSourceEstimator2D,7,88,2,2,4,27,2,13,0,13
com.irurueta:irurueta-navigation,com.irurueta.navigation.indoor.fingerprint,NonLinearFingerprintPositionEstimator3D,0,239,0,20,0,48,0,33,0,20
com.irurueta:irurueta-navigation,com.irurueta.navigation.indoor.fingerprint,NonLinearFingerprintPositionAndRadioSourceEstimator3D,7,88,2,2,4,27,2,13,0,13
com.irurueta:irurueta-navigation,com.irurueta.navigation.indoor.fingerprint,LinearFingerprintPositionEstimator2D,0,36,0,2,0,14,0,7,0,6
com.irurueta:irurueta-navigation,com.irurueta.navigation.indoor.fingerprint,LinearFingerprintPositionEstimator3D,0,36,0,2,0,14,0,7,0,6
com.irurueta:irurueta-navigation,com.irurueta.navigation.indoor.fingerprint,ThirdOrderNonLinearFingerprintPositionEstimator3D,7,809,2,2,4,73,2,9,0,9
com.irurueta:irurueta-navigation,com.irurueta.navigation.indoor.fingerprint,ThirdOrderNonLinearFingerprintPositionEstimator2D,7,414,2,2,4,54,2,9,0,9
com.irurueta:irurueta-navigation,com.irurueta.navigation.indoor.fingerprint,LinearFingerprintPositionEstimator,16,332,8,36,4,91,8,19,0,5
com.irurueta:irurueta-navigation,com.irurueta.navigation.inertial.navigators,ECIInertialNavigator,14,2714,2,4,8,430,2,160,0,159
com.irurueta:irurueta-navigation,com.irurueta.navigation.inertial.navigators,InertialNavigatorException,0,16,0,0,0,8,0,4,0,4
com.irurueta:irurueta-navigation,com.irurueta.navigation.inertial.navigators,NEDInertialNavigator,11,5375,0,6,7,829,0,323,0,320
com.irurueta:irurueta-navigation,com.irurueta.navigation.inertial.navigators,ECEFInertialNavigator,11,5737,0,6,7,905,0,346,0,343
com.irurueta:irurueta-navigation,com.irurueta.navigation.inertial.calibration.bias,BodyKinematicsBiasEstimator,14,2227,1,87,12,605,1,220,0,177
com.irurueta:irurueta-navigation,com.irurueta.navigation.inertial.calibration.bias,BodyMagneticFluxDensityBiasEstimator,8,2093,5,83,2,576,5,209,0,170
com.irurueta:irurueta-navigation,com.irurueta.navigation.indoor.radiosource,PROMedSRobustRangingRadioSourceEstimator3D,12,288,2,22,4,81,2,34,0,24
com.irurueta:irurueta-navigation,com.irurueta.navigation.indoor.radiosource,RobustRangingAndRssiRadioSourceEstimator3D,37,2575,5,235,14,459,5,282,0,107
com.irurueta:irurueta-navigation,com.irurueta.navigation.indoor.radiosource,RobustRangingAndRssiRadioSourceEstimator2D,37,2575,5,235,14,459,5,282,0,107
com.irurueta:irurueta-navigation,com.irurueta.navigation.indoor.radiosource,RobustRangingAndRssiRadioSourceEstimator.Solution,0,21,0,0,0,8,0,4,0,4
com.irurueta:irurueta-navigation,com.irurueta.navigation.indoor.radiosource,RobustRangingRadioSourceEstimator2D,19,940,5,103,8,184,5,104,0,31
com.irurueta:irurueta-navigation,com.irurueta.navigation.indoor.radiosource,PROMedSRobustRssiRadioSourceEstimator2D,16,538,2,22,5,141,2,58,0,48
com.irurueta:irurueta-navigation,com.irurueta.navigation.indoor.radiosource,PROMedSRobustRssiRadioSourceEstimator3D,16,538,2,22,5,141,2,58,0,48
com.irurueta:irurueta-navigation,com.irurueta.navigation.indoor.radiosource,MSACRobustRssiRadioSourceEstimator2D.new MSACRobustEstimatorListener() {...},0,67,0,4,0,16,0,13,0,11
com.irurueta:irurueta-navigation,com.irurueta.navigation.indoor.radiosource,RobustRangingRadioSourceEstimator3D,18,941,5,103,7,185,5,104,0,31
com.irurueta:irurueta-navigation,com.irurueta.navigation.indoor.radiosource,PROSACRobustRangingAndRssiRadioSourceEstimator3D.new PROSACRobustEstimatorListener() {...},0,71,0,4,0,17,0,14,0,12
com.irurueta:irurueta-navigation,com.irurueta.navigation.indoor.radiosource,RANSACRobustRangingRadioSourceEstimator3D.new RANSACRobustEstimatorListener() {...},0,67,0,4,0,16,0,13,0,11
com.irurueta:irurueta-navigation,com.irurueta.navigation.indoor.radiosource,PROMedSRobustRangingRadioSourceEstimator2D,12,288,2,22,4,81,2,34,0,24
com.irurueta:irurueta-navigation,com.irurueta.navigation.indoor.radiosource,PROMedSRobustRangingAndRssiRadioSourceEstimator3D.new PROMedSRobustEstimatorListener() {...},17,54,2,2,4,13,3,11,2,10
com.irurueta:irurueta-navigation,com.irurueta.navigation.indoor.radiosource,RobustRssiRadioSourceEstimator,11,557,6,30,3,123,6,53,0,41
com.irurueta:irurueta-navigation,com.irurueta.navigation.indoor.radiosource,PROSACRobustRangingRadioSourceEstimator2D.new PROSACRobustEstimatorListener() {...},0,71,1,3,0,17,1,13,0,12
com.irurueta:irurueta-navigation,com.irurueta.navigation.indoor.radiosource,RANSACRobustRssiRadioSourceEstimator3D.new RANSACRobustEstimatorListener() {...},0,67,0,4,0,16,0,13,0,11
com.irurueta:irurueta-navigation,com.irurueta.navigation.indoor.radiosource,RobustRadioSourceEstimator,0,262,0,34,0,77,0,47,0,30
com.irurueta:irurueta-navigation,com.irurueta.navigation.indoor.radiosource,RANSACRobustRangingAndRssiRadioSourceEstimator3D.new RANSACRobustEstimatorListener() {...},0,67,0,4,0,16,0,13,0,11
com.irurueta:irurueta-navigation,com.irurueta.navigation.indoor.radiosource,MSACRobustRangingRadioSourceEstimator2D.new MSACRobustEstimatorListener() {...},0,67,0,4,0,16,0,13,0,11
com.irurueta:irurueta-navigation,com.irurueta.navigation.indoor.radiosource,RobustRangingRadioSourceEstimator.Solution,0,9,0,0,0,4,0,2,0,2
com.irurueta:irurueta-navigation,com.irurueta.navigation.indoor.radiosource,PROMedSRobustRangingAndRssiRadioSourceEstimator2D,16,538,2,22,5,141,2,58,0,48
com.irurueta:irurueta-navigation,com.irurueta.navigation.indoor.radiosource,SequentialRobustMixedRadioSourceEstimator.new RobustRangingRadioSourceEstimatorListener() {...},14,9,2,0,3,4,2,4,1,4
com.irurueta:irurueta-navigation,com.irurueta.navigation.indoor.radiosource,SequentialRobustMixedRadioSourceEstimator.new RobustRssiRadioSourceEstimatorListener() {...},16,9,2,0,3,4,2,4,1,4
com.irurueta:irurueta-navigation,com.irurueta.navigation.indoor.radiosource,PROMedSRobustRangingAndRssiRadioSourceEstimator3D,16,538,2,22,5,141,2,58,0,48
com.irurueta:irurueta-navigation,com.irurueta.navigation.indoor.radiosource,MSACRobustRangingAndRssiRadioSourceEstimator3D.new MSACRobustEstimatorListener() {...},0,67,0,4,0,16,0,13,0,11
com.irurueta:irurueta-navigation,com.irurueta.navigation.indoor.radiosource,RobustRangingAndRssiRadioSourceEstimator,15,538,5,21,4,122,5,49,0,41
com.irurueta:irurueta-navigation,com.irurueta.navigation.indoor.radiosource,LMedSRobustRangingRadioSourceEstimator3D,12,155,0,12,4,44,0,18,0,12
com.irurueta:irurueta-navigation,com.irurueta.navigation.indoor.radiosource,LMedSRobustRangingRadioSourceEstimator2D,12,155,0,12,4,44,0,18,0,12
com.irurueta:irurueta-navigation,com.irurueta.navigation.indoor.radiosource,LMedSRobustRangingRadioSourceEstimator3D.new LMedSRobustEstimatorListener() {...},0,63,0,4,0,15,0,12,0,10
com.irurueta:irurueta-navigation,com.irurueta.navigation.indoor.radiosource,LMedSRobustRangingAndRssiRadioSourceEstimator3D,12,263,0,12,4,68,0,30,0,24
com.irurueta:irurueta-navigation,com.irurueta.navigation.indoor.radiosource,RadioSourceEstimationException,0,16,0,0,0,8,0,4,0,4
com.irurueta:irurueta-navigation,com.irurueta.navigation.indoor.radiosource,LMedSRobustRangingAndRssiRadioSourceEstimator2D,12,263,0,12,4,68,0,30,0,24
com.irurueta:irurueta-navigation,com.irurueta.navigation.indoor.radiosource,SequentialRobustRangingAndRssiRadioSourceEstimator2D,118,708,34,24,35,177,26,54,0,47
com.irurueta:irurueta-navigation,com.irurueta.navigation.indoor.radiosource,LMedSRobustRssiRadioSourceEstimator2D.new LMedSRobustEstimatorListener() {...},0,63,0,4,0,15,0,12,0,10
com.irurueta:irurueta-navigation,com.irurueta.navigation.indoor.radiosource,PROSACRobustRssiRadioSourceEstimator2D,16,825,2,34,5,154,2,68,0,52
com.irurueta:irurueta-navigation,com.irurueta.navigation.indoor.radiosource,PROSACRobustRssiRadioSourceEstimator3D,16,825,2,34,5,154,2,68,0,52
com.irurueta:irurueta-navigation,com.irurueta.navigation.indoor.radiosource,LMedSRobustRssiRadioSourceEstimator2D,12,263,0,12,4,68,0,30,0,24
com.irurueta:irurueta-navigation,com.irurueta.navigation.indoor.radiosource,LMedSRobustRangingAndRssiRadioSourceEstimator3D.new LMedSRobustEstimatorListener() {...},0,63,0,4,0,15,0,12,0,10
com.irurueta:irurueta-navigation,com.irurueta.navigation.indoor.radiosource,PROMedSRobustRangingRadioSourceEstimator3D.new PROMedSRobustEstimatorListener() {...},17,54,2,2,4,13,3,11,2,10
com.irurueta:irurueta-navigation,com.irurueta.navigation.indoor.radiosource,RangingAndRssiRadioSourceEstimator,15,948,5,59,5,211,5,74,0,47
com.irurueta:irurueta-navigation,com.irurueta.navigation.indoor.radiosource,LMedSRobustRssiRadioSourceEstimator3D,12,263,0,12,4,68,0,30,0,24
com.irurueta:irurueta-navigation,com.irurueta.navigation.indoor.radiosource,SequentialRobustMixedRadioSourceEstimator,15,1822,13,187,4,471,13,199,0,112
com.irurueta:irurueta-navigation,com.irurueta.navigation.indoor.radiosource,RssiRadioSourceEstimator,7,1757,12,136,7,359,12,113,0,51
com.irurueta:irurueta-navigation,com.irurueta.navigation.indoor.radiosource,RobustRssiRadioSourceEstimator.Solution,0,21,0,0,0,8,0,4,0,4
com.irurueta:irurueta-navigation,com.irurueta.navigation.indoor.radiosource,SequentialRobustRangingAndRssiRadioSourceEstimator.new RobustRangingRadioSourceEstimatorListener() {...},14,9,2,0,3,4,2,4,1,4
com.irurueta:irurueta-navigation,com.irurueta.navigation.indoor.radiosource,SequentialRobustRangingAndRssiRadioSourceEstimator.new RobustRssiRadioSourceEstimatorListener() {...},16,9,2,0,3,4,2,4,1,4
com.irurueta:irurueta-navigation,com.irurueta.navigation.indoor.radiosource,RangingAndRssiRadioSourceEstimator2D,2,243,2,20,1,73,2,32,0,23
com.irurueta:irurueta-navigation,com.irurueta.navigation.indoor.radiosource,PROMedSRobustRssiRadioSourceEstimator3D.new PROMedSRobustEstimatorListener() {...},17,54,2,2,4,13,3,11,2,10
com.irurueta:irurueta-navigation,com.irurueta.navigation.indoor.radiosource,RangingAndRssiRadioSourceEstimator3D,2,243,2,20,1,74,2,32,0,23
com.irurueta:irurueta-navigation,com.irurueta.navigation.indoor.radiosource,MSACRobustRssiRadioSourceEstimator3D.new MSACRobustEstimatorListener() {...},0,67,0,4,0,16,0,13,0,11
com.irurueta:irurueta-navigation,com.irurueta.navigation.indoor.radiosource,PROSACRobustRangingAndRssiRadioSourceEstimator3D,16,825,2,34,5,154,2,68,0,52
com.irurueta:irurueta-navigation,com.irurueta.navigation.indoor.radiosource,RobustRssiRadioSourceEstimator2D,37,2567,5,237,14,459,5,281,0,105
com.irurueta:irurueta-navigation,com.irurueta.navigation.indoor.radiosource,RANSACRobustRssiRadioSourceEstimator2D.new RANSACRobustEstimatorListener() {...},0,67,0,4,0,16,0,13,0,11
com.irurueta:irurueta-navigation,com.irurueta.navigation.indoor.radiosource,RobustRssiRadioSourceEstimator3D,37,2567,5,237,14,459,5,281,0,105
com.irurueta:irurueta-navigation,com.irurueta.navigation.indoor.radiosource,PROSACRobustRangingAndRssiRadioSourceEstimator2D,16,825,2,34,5,154,2,68,0,52
com.irurueta:irurueta-navigation,com.irurueta.navigation.indoor.radiosource,RANSACRobustRangingRadioSourceEstimator2D,12,253,0,24,4,58,0,28,0,16
com.irurueta:irurueta-navigation,com.irurueta.navigation.indoor.radiosource,MSACRobustRssiRadioSourceEstimator3D,12,263,0,12,4,68,0,30,0,24
com.irurueta:irurueta-navigation,com.irurueta.navigation.indoor.radiosource,PROMedSRobustRangingAndRssiRadioSourceEstimator2D.new PROMedSRobustEstimatorListener() {...},17,54,2,2,4,13,3,11,2,10
com.irurueta:irurueta-navigation,com.irurueta.navigation.indoor.radiosource,RANSACRobustRangingRadioSourceEstimator3D,12,253,0,24,4,58,0,28,0,16
com.irurueta:irurueta-navigation,com.irurueta.navigation.indoor.radiosource,MSACRobustRssiRadioSourceEstimator2D,12,263,0,12,4,68,0,30,0,24
com.irurueta:irurueta-navigation,com.irurueta.navigation.indoor.radiosource,RANSACRobustRangingRadioSourceEstimator2D.new RANSACRobustEstimatorListener() {...},0,67,0,4,0,16,0,13,0,11
com.irurueta:irurueta-navigation,com.irurueta.navigation.indoor.radiosource,RangingRadioSourceEstimator,7,430,7,51,4,111,7,42,0,20
com.irurueta:irurueta-navigation,com.irurueta.navigation.indoor.radiosource,MixedRadioSourceEstimator,16,1120,9,95,6,248,9,94,0,51
com.irurueta:irurueta-navigation,com.irurueta.navigation.indoor.radiosource,MSACRobustRangingAndRssiRadioSourceEstimator2D.new MSACRobustEstimatorListener() {...},0,67,0,4,0,16,0,13,0,11
com.irurueta:irurueta-navigation,com.irurueta.navigation.indoor.radiosource,SequentialRobustRangingAndRssiRadioSourceEstimator,13,1534,6,130,4,409,6,170,0,108
com.irurueta:irurueta-navigation,com.irurueta.navigation.indoor.radiosource,PROSACRobustRssiRadioSourceEstimator3D.new PROSACRobustEstimatorListener() {...},0,71,1,3,0,17,1,13,0,12
com.irurueta:irurueta-navigation,com.irurueta.navigation.indoor.radiosource,LMedSRobustRangingRadioSourceEstimator2D.new LMedSRobustEstimatorListener() {...},0,63,0,4,0,15,0,12,0,10
com.irurueta:irurueta-navigation,com.irurueta.navigation.indoor.radiosource,RssiRadioSourceEstimator3D,2,247,2,20,1,84,2,33,0,24
com.irurueta:irurueta-navigation,com.irurueta.navigation.indoor.radiosource,LMedSRobustRssiRadioSourceEstimator3D.new LMedSRobustEstimatorListener() {...},0,63,0,4,0,15,0,12,0,10
com.irurueta:irurueta-navigation,com.irurueta.navigation.indoor.radiosource,PROSACRobustRangingRadioSourceEstimator2D,12,431,2,34,4,94,2,44,0,28
com.irurueta:irurueta-navigation,com.irurueta.navigation.indoor.radiosource,SequentialRobustRangingAndRssiRadioSourceEstimator3D,118,708,34,24,35,177,26,54,0,47
com.irurueta:irurueta-navigation,com.irurueta.navigation.indoor.radiosource,RANSACRobustRangingAndRssiRadioSourceEstimator2D.new RANSACRobustEstimatorListener() {...},0,67,0,4,0,16,0,13,0,11
com.irurueta:irurueta-navigation,com.irurueta.navigation.indoor.radiosource,RssiRadioSourceEstimator2D,2,247,2,20,1,84,2,33,0,24
com.irurueta:irurueta-navigation,com.irurueta.navigation.indoor.radiosource,MSACRobustRangingAndRssiRadioSourceEstimator2D,12,263,0,12,4,68,0,30,0,24
com.irurueta:irurueta-navigation,com.irurueta.navigation.indoor.radiosource,PROSACRobustRangingRadioSourceEstimator3D,12,431,2,34,4,94,2,44,0,28
com.irurueta:irurueta-navigation,com.irurueta.navigation.indoor.radiosource,RangingRadioSourceEstimator2D,2,258,2,44,1,71,2,37,0,16
com.irurueta:irurueta-navigation,com.irurueta.navigation.indoor.radiosource,RangingRadioSourceEstimator3D,2,258,2,44,1,71,2,37,0,16
com.irurueta:irurueta-navigation,com.irurueta.navigation.indoor.radiosource,MSACRobustRangingAndRssiRadioSourceEstimator3D,12,263,0,12,4,68,0,30,0,24
com.irurueta:irurueta-navigation,com.irurueta.navigation.indoor.radiosource,LMedSRobustRangingAndRssiRadioSourceEstimator2D.new LMedSRobustEstimatorListener() {...},0,63,0,4,0,15,0,12,0,10
com.irurueta:irurueta-navigation,com.irurueta.navigation.indoor.radiosource,MSACRobustRangingRadioSourceEstimator3D.new MSACRobustEstimatorListener() {...},0,67,0,4,0,16,0,13,0,11
com.irurueta:irurueta-navigation,com.irurueta.navigation.indoor.radiosource,PROSACRobustRssiRadioSourceEstimator2D.new PROSACRobustEstimatorListener() {...},0,71,0,4,0,17,0,14,0,12
com.irurueta:irurueta-navigation,com.irurueta.navigation.indoor.radiosource,MSACRobustRangingRadioSourceEstimator3D,12,155,0,12,4,44,0,18,0,12
com.irurueta:irurueta-navigation,com.irurueta.navigation.indoor.radiosource,RANSACRobustRangingAndRssiRadioSourceEstimator2D,12,433,0,24,4,82,0,40,0,28
com.irurueta:irurueta-navigation,com.irurueta.navigation.indoor.radiosource,PROSACRobustRangingRadioSourceEstimator3D.new PROSACRobustEstimatorListener() {...},0,71,1,3,0,17,1,13,0,12
com.irurueta:irurueta-navigation,com.irurueta.navigation.indoor.radiosource,RadioSourceEstimator,0,105,1,13,0,34,1,21,0,15
com.irurueta:irurueta-navigation,com.irurueta.navigation.indoor.radiosource,PROMedSRobustRssiRadioSourceEstimator2D.new PROMedSRobustEstimatorListener() {...},17,54,2,2,4,13,3,11,2,10
com.irurueta:irurueta-navigation,com.irurueta.navigation.indoor.radiosource,PROMedSRobustRangingRadioSourceEstimator2D.new PROMedSRobustEstimatorListener() {...},17,54,2,2,4,13,3,11,2,10
com.irurueta:irurueta-navigation,com.irurueta.navigation.indoor.radiosource,RobustRangingRadioSourceEstimator,4,119,1,3,1,36,1,15,0,14
com.irurueta:irurueta-navigation,com.irurueta.navigation.indoor.radiosource,RssiRadioSourceEstimator.new LevenbergMarquardtMultiDimensionFunctionEvaluator() {...},0,128,1,5,0,19,1,6,0,4
com.irurueta:irurueta-navigation,com.irurueta.navigation.indoor.radiosource,RssiRadioSourceEstimator.new LevenbergMarquardtMultiDimensionFunctionEvaluator() {...},0,79,0,0,0,13,0,4,0,4
com.irurueta:irurueta-navigation,com.irurueta.navigation.indoor.radiosource,MixedRadioSourceEstimator2D,4,281,3,27,2,83,3,35,0,23
com.irurueta:irurueta-navigation,com.irurueta.navigation.indoor.radiosource,RssiRadioSourceEstimator.new LevenbergMarquardtMultiDimensionFunctionEvaluator() {...},0,67,0,0,0,10,0,4,0,4
com.irurueta:irurueta-navigation,com.irurueta.navigation.indoor.radiosource,RssiRadioSourceEstimator.new LevenbergMarquardtMultiDimensionFunctionEvaluator() {...},0,121,0,6,0,19,0,7,0,4
com.irurueta:irurueta-navigation,com.irurueta.navigation.indoor.radiosource,RssiRadioSourceEstimator.new LevenbergMarquardtMultiDimensionFunctionEvaluator() {...},0,146,1,5,0,22,1,6,0,4
com.irurueta:irurueta-navigation,com.irurueta.navigation.indoor.radiosource,RssiRadioSourceEstimator.new LevenbergMarquardtMultiDimensionFunctionEvaluator() {...},0,103,1,5,0,16,1,6,0,4
com.irurueta:irurueta-navigation,com.irurueta.navigation.indoor.radiosource,RssiRadioSourceEstimator.new LevenbergMarquardtMultiDimensionFunctionEvaluator() {...},0,58,0,0,0,10,0,4,0,4
com.irurueta:irurueta-navigation,com.irurueta.navigation.indoor.radiosource,MixedRadioSourceEstimator3D,4,281,3,27,2,83,3,35,0,23
com.irurueta:irurueta-navigation,com.irurueta.navigation.indoor.radiosource,SequentialRobustMixedRadioSourceEstimator3D,8,712,7,27,4,173,7,55,0,45
com.irurueta:irurueta-navigation,com.irurueta.navigation.indoor.radiosource,PROSACRobustRangingAndRssiRadioSourceEstimator2D.new PROSACRobustEstimatorListener() {...},0,71,1,3,0,17,1,13,0,12
com.irurueta:irurueta-navigation,com.irurueta.navigation.indoor.radiosource,SequentialRobustMixedRadioSourceEstimator2D,8,712,7,27,4,173,7,55,0,45
com.irurueta:irurueta-navigation,com.irurueta.navigation.indoor.radiosource,RANSACRobustRssiRadioSourceEstimator2D,12,433,0,24,4,82,0,40,0,28
com.irurueta:irurueta-navigation,com.irurueta.navigation.indoor.radiosource,MSACRobustRangingRadioSourceEstimator2D,12,157,0,12,4,45,0,18,0,12
com.irurueta:irurueta-navigation,com.irurueta.navigation.indoor.radiosource,RANSACRobustRangingAndRssiRadioSourceEstimator3D,12,433,0,24,4,82,0,40,0,28
com.irurueta:irurueta-navigation,com.irurueta.navigation.indoor.radiosource,RANSACRobustRssiRadioSourceEstimator3D,12,433,0,24,4,82,0,40,0,28
com.irurueta:irurueta-navigation,com.irurueta.navigation.inertial.calibration.intervals,TriadStaticIntervalDetector.ErrorReason,0,24,0,0,0,3,0,1,0,1
com.irurueta:irurueta-navigation,com.irurueta.navigation.inertial.calibration.intervals,AngularSpeedTriadStaticIntervalDetector,0,44,0,0,0,9,0,7,0,7
com.irurueta:irurueta-navigation,com.irurueta.navigation.inertial.calibration.intervals,TriadStaticIntervalDetector,4,1041,10,59,1,259,10,107,0,82
com.irurueta:irurueta-navigation,com.irurueta.navigation.inertial.calibration.intervals,MagneticFluxDensityTriadStaticIntervalDetector,0,41,0,0,0,8,0,6,0,6
com.irurueta:irurueta-navigation,com.irurueta.navigation.inertial.calibration.intervals,TriadStaticIntervalDetector.Status,0,64,0,0,0,7,0,1,0,1
com.irurueta:irurueta-navigation,com.irurueta.navigation.inertial.calibration.intervals,AccelerationTriadStaticIntervalDetector,0,44,0,0,0,9,0,7,0,7
com.irurueta:irurueta-navigation,com.irurueta.navigation.frames.converters,ECEFtoNEDFrameConverter,1,286,0,0,1,65,0,7,0,7
com.irurueta:irurueta-navigation,com.irurueta.navigation.frames.converters,NEDtoECEFPositionVelocityConverter,1,145,0,0,1,35,0,5,0,5
com.irurueta:irurueta-navigation,com.irurueta.navigation.frames.converters,ECEFtoNEDPositionVelocityConverter,1,241,0,0,1,48,0,5,0,5
com.irurueta:irurueta-navigation,com.irurueta.navigation.frames.converters,ECEFtoECIFrameConverter,1,182,0,0,1,45,0,11,0,11
com.irurueta:irurueta-navigation,com.irurueta.navigation.frames.converters,ECItoECEFFrameConverter,1,182,0,0,1,45,0,11,0,11
com.irurueta:irurueta-navigation,com.irurueta.navigation.frames.converters,NEDtoECEFFrameConverter,0,177,0,0,0,50,0,7,0,7
com.irurueta:irurueta-navigation,com.irurueta.navigation.inertial.calibration.gyroscope,LMedSRobustKnownBiasAndFrameGyroscopeCalibrator,22,457,3,9,7,108,3,47,0,44
com.irurueta:irurueta-navigation,com.irurueta.navigation.inertial.calibration.gyroscope,RANSACRobustTurntableGyroscopeCalibrator,28,833,8,16,8,106,8,45,0,41
com.irurueta:irurueta-navigation,com.irurueta.navigation.inertial.calibration.gyroscope,PROSACRobustKnownBiasEasyGyroscopeCalibrator.new PROSACRobustEstimatorListener() {...},12,58,3,1,3,14,3,11,1,11
com.irurueta:irurueta-navigation,com.irurueta.navigation.inertial.calibration.gyroscope,LMedSRobustKnownBiasAndFrameGyroscopeCalibrator.new LMedSRobustEstimatorListener() {...},12,50,3,1,3,12,3,9,1,9
com.irurueta:irurueta-navigation,com.irurueta.navigation.inertial.calibration.gyroscope,MSACRobustKnownBiasEasyGyroscopeCalibrator.new MSACRobustEstimatorListener() {...},0,66,2,2,0,16,2,11,0,11
com.irurueta:irurueta-navigation,com.irurueta.navigation.inertial.calibration.gyroscope,PROSACRobustKnownBiasAndFrameGyroscopeCalibrator,22,1448,8,28,7,240,8,98,0,88
com.irurueta:irurueta-navigation,com.irurueta.navigation.inertial.calibration.gyroscope,LMedSRobustKnownBiasTurntableGyroscopeCalibrator,22,595,3,9,7,94,3,40,0,37
com.irurueta:irurueta-navigation,com.irurueta.navigation.inertial.calibration.gyroscope,KnownFrameGyroscopeLinearLeastSquaresCalibrator,10,1254,1,75,3,291,1,85,0,48
com.irurueta:irurueta-navigation,com.irurueta.navigation.inertial.calibration.gyroscope,KnownBiasEasyGyroscopeCalibrator,31,4186,3,221,17,1033,3,269,0,160
com.irurueta:irurueta-navigation,com.irurueta.navigation.inertial.calibration.gyroscope,LMedSRobustTurntableGyroscopeCalibrator.new LMedSRobustEstimatorListener() {...},12,50,3,1,3,12,3,9,1,9
com.irurueta:irurueta-navigation,com.irurueta.navigation.inertial.calibration.gyroscope,MSACRobustEasyGyroscopeCalibrator,22,297,3,9,7,62,3,24,0,21
com.irurueta:irurueta-navigation,com.irurueta.navigation.inertial.calibration.gyroscope,KnownFrameGyroscopeNonLinearLeastSquaresCalibrator,37,3094,7,195,20,802,7,296,0,202
com.irurueta:irurueta-navigation,com.irurueta.navigation.inertial.calibration.gyroscope,PROMedSRobustKnownBiasAndFrameGyroscopeCalibrator.new PROMedSRobustEstimatorListener() {...},12,58,3,1,3,14,3,11,1,11
com.irurueta:irurueta-navigation,com.irurueta.navigation.inertial.calibration.gyroscope,KnownBiasTurntableGyroscopeCalibrator.new MultiDimensionFunctionEvaluatorListener() {...},0,11,0,0,0,2,0,2,0,2
com.irurueta:irurueta-navigation,com.irurueta.navigation.inertial.calibration.gyroscope,KnownBiasTurntableGyroscopeCalibrator.new LevenbergMarquardtMultiDimensionFunctionEvaluator() {...},0,121,0,8,0,21,0,8,0,4
com.irurueta:irurueta-navigation,com.irurueta.navigation.inertial.calibration.gyroscope,KnownBiasTurntableGyroscopeCalibrator.new MultiDimensionFunctionEvaluatorListener() {...},0,11,0,0,0,2,0,2,0,2
com.irurueta:irurueta-navigation,com.irurueta.navigation.inertial.calibration.gyroscope,KnownBiasTurntableGyroscopeCalibrator.new LevenbergMarquardtMultiDimensionFunctionEvaluator() {...},0,107,0,4,0,17,0,6,0,4
com.irurueta:irurueta-navigation,com.irurueta.navigation.inertial.calibration.gyroscope,KnownBiasTurntableGyroscopeCalibrator.new MultiDimensionFunctionEvaluatorListener() {...},0,11,0,0,0,2,0,2,0,2
com.irurueta:irurueta-navigation,com.irurueta.navigation.inertial.calibration.gyroscope,KnownBiasTurntableGyroscopeCalibrator.new LevenbergMarquardtMultiDimensionFunctionEvaluator() {...},0,78,0,6,0,15,0,7,0,4
com.irurueta:irurueta-navigation,com.irurueta.navigation.inertial.calibration.gyroscope,KnownBiasTurntableGyroscopeCalibrator.new MultiDimensionFunctionEvaluatorListener() {...},0,11,0,0,0,2,0,2,0,2
com.irurueta:irurueta-navigation,com.irurueta.navigation.inertial.calibration.gyroscope,KnownBiasTurntableGyroscopeCalibrator.new LevenbergMarquardtMultiDimensionFunctionEvaluator() {...},0,49,0,0,0,8,0,4,0,4
com.irurueta:irurueta-navigation,com.irurueta.navigation.inertial.calibration.gyroscope,KnownFrameGyroscopeNonLinearLeastSquaresCalibrator.new LevenbergMarquardtMultiVariateFunctionEvaluator() {...},0,615,0,0,0,114,0,5,0,5
com.irurueta:irurueta-navigation,com.irurueta.navigation.inertial.calibration.gyroscope,KnownFrameGyroscopeNonLinearLeastSquaresCalibrator.new LevenbergMarquardtMultiVariateFunctionEvaluator() {...},0,528,0,0,0,99,0,5,0,5
com.irurueta:irurueta-navigation,com.irurueta.navigation.inertial.calibration.gyroscope,PROMedSRobustEasyGyroscopeCalibrator.new PROMedSRobustEstimatorListener() {...},12,58,3,1,3,14,3,11,1,11
com.irurueta:irurueta-navigation,com.irurueta.navigation.inertial.calibration.gyroscope,RobustKnownBiasTurntableGyroscopeCalibrator,713,7516,46,524,81,1155,51,629,13,283
com.irurueta:irurueta-navigation,com.irurueta.navigation.inertial.calibration.gyroscope,KnownBiasAndFrameGyroscopeNonLinearLeastSquaresCalibrator.new LevenbergMarquardtMultiVariateFunctionEvaluator() {...},0,459,0,0,0,84,0,5,0,5
com.irurueta:irurueta-navigation,com.irurueta.navigation.inertial.calibration.gyroscope,KnownBiasAndFrameGyroscopeNonLinearLeastSquaresCalibrator.new LevenbergMarquardtMultiVariateFunctionEvaluator() {...},0,546,0,0,0,99,0,5,0,5
com.irurueta:irurueta-navigation,com.irurueta.navigation.inertial.calibration.gyroscope,PROSACRobustKnownFrameGyroscopeCalibrator.new PROSACRobustEstimatorListener() {...},12,58,3,1,3,14,3,11,1,11
com.irurueta:irurueta-navigation,com.irurueta.navigation.inertial.calibration.gyroscope,RANSACRobustKnownBiasTurntableGyroscopeCalibrator,28,833,8,16,8,106,8,45,0,41
com.irurueta:irurueta-navigation,com.irurueta.navigation.inertial.calibration.gyroscope,PROMedSRobustEasyGyroscopeCalibrator,22,602,4,20,7,125,4,50,0,42
com.irurueta:irurueta-navigation,com.irurueta.navigation.inertial.calibration.gyroscope,RobustKnownFrameGyroscopeCalibrator,150,2618,8,292,35,649,7,342,0,175
com.irurueta:irurueta-navigation,com.irurueta.navigation.inertial.calibration.gyroscope,KnownBiasAndFrameGyroscopeNonLinearLeastSquaresCalibrator,41,2531,7,123,21,671,7,225,0,167
com.irurueta:irurueta-navigation,com.irurueta.navigation.inertial.calibration.gyroscope,PROMedSRobustTurntableGyroscopeCalibrator,22,1240,4,20,7,204,4,82,0,74
com.irurueta:irurueta-navigation,com.irurueta.navigation.inertial.calibration.gyroscope,RobustKnownBiasAndFrameGyroscopeCalibrator,243,5134,18,514,44,1007,17,623,2,258
com.irurueta:irurueta-navigation,com.irurueta.navigation.inertial.calibration.gyroscope,RobustTurntableGyroscopeCalibrator.PreliminaryResult,0,3,0,0,0,1,0,1,0,1
com.irurueta:irurueta-navigation,com.irurueta.navigation.inertial.calibration.gyroscope,RANSACRobustKnownFrameGyroscopeCalibrator.new RANSACRobustEstimatorListener() {...},0,66,2,2,0,16,2,11,0,11
com.irurueta:irurueta-navigation,com.irurueta.navigation.inertial.calibration.gyroscope,KnownBiasTurntableGyroscopeCalibrator,47,4774,2,250,22,1157,3,316,1,192
com.irurueta:irurueta-navigation,com.irurueta.navigation.inertial.calibration.gyroscope,LMedSRobustEasyGyroscopeCalibrator,22,301,3,9,7,63,3,24,0,21
com.irurueta:irurueta-navigation,com.irurueta.navigation.inertial.calibration.gyroscope,MSACRobustKnownBiasEasyGyroscopeCalibrator,22,297,3,9,7,62,3,24,0,21
com.irurueta:irurueta-navigation,com.irurueta.navigation.inertial.calibration.gyroscope,RobustEasyGyroscopeCalibrator.PreliminaryResult,0,3,0,0,0,1,0,1,0,1
com.irurueta:irurueta-navigation,com.irurueta.navigation.inertial.calibration.gyroscope,RobustKnownBiasTurntableGyroscopeCalibrator.PreliminaryResult,0,3,0,0,0,1,0,1,0,1
com.irurueta:irurueta-navigation,com.irurueta.navigation.inertial.calibration.gyroscope,PROMedSRobustKnownBiasAndFrameGyroscopeCalibrator,22,945,6,18,7,227,6,90,0,84
com.irurueta:irurueta-navigation,com.irurueta.navigation.inertial.calibration.gyroscope,EasyGyroscopeCalibrator,65,5168,5,291,20,1254,5,338,0,195
com.irurueta:irurueta-navigation,com.irurueta.navigation.inertial.calibration.gyroscope,MSACRobustKnownFrameGyroscopeCalibrator.new MSACRobustEstimatorListener() {...},0,66,2,2,0,16,2,11,0,11
com.irurueta:irurueta-navigation,com.irurueta.navigation.inertial.calibration.gyroscope,RANSACRobustKnownBiasEasyGyroscopeCalibrator,24,447,7,17,7,76,7,30,0,25
com.irurueta:irurueta-navigation,com.irurueta.navigation.inertial.calibration.gyroscope,PROSACRobustKnownBiasTurntableGyroscopeCalibrator.new PROSACRobustEstimatorListener() {...},0,70,2,2,0,17,2,12,0,12
com.irurueta:irurueta-navigation,com.irurueta.navigation.inertial.calibration.gyroscope,PROSACRobustKnownBiasEasyGyroscopeCalibrator,24,851,8,28,7,138,8,56,0,46
com.irurueta:irurueta-navigation,com.irurueta.navigation.inertial.calibration.gyroscope,MSACRobustKnownBiasAndFrameGyroscopeCalibrator.new MSACRobustEstimatorListener() {...},0,66,2,2,0,16,2,11,0,11
com.irurueta:irurueta-navigation,com.irurueta.navigation.inertial.calibration.gyroscope,QuaternionIntegrator,5,397,0,6,3,112,1,11,1,8
com.irurueta:irurueta-navigation,com.irurueta.navigation.inertial.calibration.gyroscope,RANSACRobustKnownBiasAndFrameGyroscopeCalibrator,22,743,5,19,7,121,5,55,0,48
com.irurueta:irurueta-navigation,com.irurueta.navigation.inertial.calibration.gyroscope,EasyGyroscopeCalibrator.new MultiDimensionFunctionEvaluatorListener() {...},0,14,0,0,0,2,0,2,0,2
com.irurueta:irurueta-navigation,com.irurueta.navigation.inertial.calibration.gyroscope,EasyGyroscopeCalibrator.new LevenbergMarquardtMultiDimensionFunctionEvaluator() {...},0,76,0,4,0,13,0,6,0,4
com.irurueta:irurueta-navigation,com.irurueta.navigation.inertial.calibration.gyroscope,MSACRobustTurntableGyroscopeCalibrator.new MSACRobustEstimatorListener() {...},0,66,2,2,0,16,2,11,0,11
com.irurueta:irurueta-navigation,com.irurueta.navigation.inertial.calibration.gyroscope,EasyGyroscopeCalibrator.new MultiDimensionFunctionEvaluatorListener() {...},0,14,0,0,0,2,0,2,0,2
com.irurueta:irurueta-navigation,com.irurueta.navigation.inertial.calibration.gyroscope,EasyGyroscopeCalibrator.new LevenbergMarquardtMultiDimensionFunctionEvaluator() {...},0,107,0,10,0,19,0,9,0,4
com.irurueta:irurueta-navigation,com.irurueta.navigation.inertial.calibration.gyroscope,EasyGyroscopeCalibrator.new MultiDimensionFunctionEvaluatorListener() {...},0,14,0,0,0,2,0,2,0,2
com.irurueta:irurueta-navigation,com.irurueta.navigation.inertial.calibration.gyroscope,EasyGyroscopeCalibrator.new LevenbergMarquardtMultiDimensionFunctionEvaluator() {...},0,96,0,6,0,15,0,7,0,4
com.irurueta:irurueta-navigation,com.irurueta.navigation.inertial.calibration.gyroscope,EasyGyroscopeCalibrator.new MultiDimensionFunctionEvaluatorListener() {...},0,14,0,0,0,2,0,2,0,2
com.irurueta:irurueta-navigation,com.irurueta.navigation.inertial.calibration.gyroscope,EasyGyroscopeCalibrator.new LevenbergMarquardtMultiDimensionFunctionEvaluator() {...},0,85,0,8,0,16,0,8,0,4
com.irurueta:irurueta-navigation,com.irurueta.navigation.inertial.calibration.gyroscope,PROMedSRobustKnownBiasTurntableGyroscopeCalibrator,22,1240,4,20,7,204,4,82,0,74
com.irurueta:irurueta-navigation,com.irurueta.navigation.inertial.calibration.gyroscope,RobustKnownFrameGyroscopeCalibrator.PreliminaryResult,0,3,0,0,0,1,0,1,0,1
com.irurueta:irurueta-navigation,com.irurueta.navigation.inertial.calibration.gyroscope,LMedSRobustTurntableGyroscopeCalibrator,22,595,3,9,7,94,3,40,0,37
com.irurueta:irurueta-navigation,com.irurueta.navigation.inertial.calibration.gyroscope,RANSACRobustEasyGyroscopeCalibrator,24,447,7,17,7,76,7,30,0,25
com.irurueta:irurueta-navigation,com.irurueta.navigation.inertial.calibration.gyroscope,RANSACRobustKnownBiasAndFrameGyroscopeCalibrator.new RANSACRobustEstimatorListener() {...},0,66,2,2,0,16,2,11,0,11
com.irurueta:irurueta-navigation,com.irurueta.navigation.inertial.calibration.gyroscope,PROMedSRobustKnownBiasEasyGyroscopeCalibrator,22,602,4,20,7,125,4,50,0,42
com.irurueta:irurueta-navigation,com.irurueta.navigation.inertial.calibration.gyroscope,RobustKnownBiasEasyGyroscopeCalibrator.PreliminaryResult,0,3,0,0,0,1,0,1,0,1
com.irurueta:irurueta-navigation,com.irurueta.navigation.inertial.calibration.gyroscope,PROMedSRobustKnownFrameGyroscopeCalibrator.new PROMedSRobustEstimatorListener() {...},12,58,3,1,3,14,3,11,1,11
com.irurueta:irurueta-navigation,com.irurueta.navigation.inertial.calibration.gyroscope,RANSACRobustKnownBiasEasyGyroscopeCalibrator.new RANSACRobustEstimatorListener() {...},0,66,2,2,0,16,2,11,0,11
com.irurueta:irurueta-navigation,com.irurueta.navigation.inertial.calibration.gyroscope,MSACRobustTurntableGyroscopeCalibrator,22,591,3,9,7,93,3,40,0,37
com.irurueta:irurueta-navigation,com.irurueta.navigation.inertial.calibration.gyroscope,RobustKnownBiasAndFrameGyroscopeCalibrator.PreliminaryResult,0,3,0,0,0,1,0,1,0,1
com.irurueta:irurueta-navigation,com.irurueta.navigation.inertial.calibration.gyroscope,RANSACRobustKnownBiasTurntableGyroscopeCalibrator.new RANSACRobustEstimatorListener() {...},0,66,2,2,0,16,2,11,0,11
com.irurueta:irurueta-navigation,com.irurueta.navigation.inertial.calibration.gyroscope,LMedSRobustKnownFrameGyroscopeCalibrator,22,153,3,9,7,44,3,15,0,12
com.irurueta:irurueta-navigation,com.irurueta.navigation.inertial.calibration.gyroscope,PROSACRobustKnownBiasTurntableGyroscopeCalibrator,24,1681,8,28,7,217,8,88,0,78
com.irurueta:irurueta-navigation,com.irurueta.navigation.inertial.calibration.gyroscope,PROMedSRobustKnownFrameGyroscopeCalibrator,22,281,6,18,7,79,6,30,0,24
com.irurueta:irurueta-navigation,com.irurueta.navigation.inertial.calibration.gyroscope,LMedSRobustKnownBiasEasyGyroscopeCalibrator.new LMedSRobustEstimatorListener() {...},12,50,3,1,3,12,3,9,1,9
com.irurueta:irurueta-navigation,com.irurueta.navigation.inertial.calibration.gyroscope,TurntableGyroscopeCalibrator,95,5769,6,320,27,1385,7,384,1,227
com.irurueta:irurueta-navigation,com.irurueta.navigation.inertial.calibration.gyroscope,PROSACRobustEasyGyroscopeCalibrator.new PROSACRobustEstimatorListener() {...},12,58,3,1,3,14,3,11,1,11
com.irurueta:irurueta-navigation,com.irurueta.navigation.inertial.calibration.gyroscope,PROMedSRobustKnownBiasTurntableGyroscopeCalibrator.new PROMedSRobustEstimatorListener() {...},12,58,3,1,3,14,3,11,1,11
com.irurueta:irurueta-navigation,com.irurueta.navigation.inertial.calibration.gyroscope,MSACRobustEasyGyroscopeCalibrator.new MSACRobustEstimatorListener() {...},0,66,2,2,0,16,2,11,0,11
com.irurueta:irurueta-navigation,com.irurueta.navigation.inertial.calibration.gyroscope,MSACRobustKnownFrameGyroscopeCalibrator,22,149,3,9,7,43,3,15,0,12
com.irurueta:irurueta-navigation,com.irurueta.navigation.inertial.calibration.gyroscope,PROMedSRobustKnownBiasEasyGyroscopeCalibrator.new PROMedSRobustEstimatorListener() {...},12,58,3,1,3,14,3,11,1,11
com.irurueta:irurueta-navigation,com.irurueta.navigation.inertial.calibration.gyroscope,PROSACRobustTurntableGyroscopeCalibrator,24,1681,8,28,7,217,8,88,0,78
com.irurueta:irurueta-navigation,com.irurueta.navigation.inertial.calibration.gyroscope,LMedSRobustKnownFrameGyroscopeCalibrator.new LMedSRobustEstimatorListener() {...},12,50,3,1,3,12,3,9,1,9
com.irurueta:irurueta-navigation,com.irurueta.navigation.inertial.calibration.gyroscope,PROSACRobustKnownBiasAndFrameGyroscopeCalibrator.new PROSACRobustEstimatorListener() {...},0,70,2,2,0,17,2,12,0,12
com.irurueta:irurueta-navigation,com.irurueta.navigation.inertial.calibration.gyroscope,RANSACRobustEasyGyroscopeCalibrator.new RANSACRobustEstimatorListener() {...},0,66,2,2,0,16,2,11,0,11
com.irurueta:irurueta-navigation,com.irurueta.navigation.inertial.calibration.gyroscope,PROSACRobustTurntableGyroscopeCalibrator.new PROSACRobustEstimatorListener() {...},0,70,2,2,0,17,2,12,0,12
com.irurueta:irurueta-navigation,com.irurueta.navigation.inertial.calibration.gyroscope,RANSACRobustKnownFrameGyroscopeCalibrator,22,247,5,19,7,57,5,23,0,16
com.irurueta:irurueta-navigation,com.irurueta.navigation.inertial.calibration.gyroscope,MSACRobustKnownBiasTurntableGyroscopeCalibrator.new MSACRobustEstimatorListener() {...},0,66,2,2,0,16,2,11,0,11
com.irurueta:irurueta-navigation,com.irurueta.navigation.inertial.calibration.gyroscope,KnownBiasEasyGyroscopeCalibrator.new LevenbergMarquardtMultiDimensionFunctionEvaluator() {...},0,76,0,4,0,13,0,6,0,4
com.irurueta:irurueta-navigation,com.irurueta.navigation.inertial.calibration.gyroscope,KnownBiasEasyGyroscopeCalibrator.new MultiDimensionFunctionEvaluatorListener() {...},0,14,0,0,0,2,0,2,0,2
com.irurueta:irurueta-navigation,com.irurueta.navigation.inertial.calibration.gyroscope,KnownBiasEasyGyroscopeCalibrator.new LevenbergMarquardtMultiDimensionFunctionEvaluator() {...},0,90,0,8,0,17,0,8,0,4
com.irurueta:irurueta-navigation,com.irurueta.navigation.inertial.calibration.gyroscope,KnownBiasEasyGyroscopeCalibrator.new MultiDimensionFunctionEvaluatorListener() {...},0,14,0,0,0,2,0,2,0,2
com.irurueta:irurueta-navigation,com.irurueta.navigation.inertial.calibration.gyroscope,MSACRobustKnownBiasTurntableGyroscopeCalibrator,22,591,3,9,7,93,3,40,0,37
com.irurueta:irurueta-navigation,com.irurueta.navigation.inertial.calibration.gyroscope,KnownBiasEasyGyroscopeCalibrator.new LevenbergMarquardtMultiDimensionFunctionEvaluator() {...},0,39,0,0,0,7,0,4,0,4
com.irurueta:irurueta-navigation,com.irurueta.navigation.inertial.calibration.gyroscope,KnownBiasEasyGyroscopeCalibrator.new MultiDimensionFunctionEvaluatorListener() {...},0,14,0,0,0,2,0,2,0,2
com.irurueta:irurueta-navigation,com.irurueta.navigation.inertial.calibration.gyroscope,KnownBiasEasyGyroscopeCalibrator.new LevenbergMarquardtMultiDimensionFunctionEvaluator() {...},0,68,0,6,0,14,0,7,0,4
com.irurueta:irurueta-navigation,com.irurueta.navigation.inertial.calibration.gyroscope,KnownBiasEasyGyroscopeCalibrator.new MultiDimensionFunctionEvaluatorListener() {...},0,14,0,0,0,2,0,2,0,2
com.irurueta:irurueta-navigation,com.irurueta.navigation.inertial.calibration.gyroscope,LMedSRobustKnownBiasTurntableGyroscopeCalibrator.new LMedSRobustEstimatorListener() {...},12,50,3,1,3,12,3,9,1,9
com.irurueta:irurueta-navigation,com.irurueta.navigation.inertial.calibration.gyroscope,PROSACRobustEasyGyroscopeCalibrator,24,851,8,28,7,138,8,56,0,46
com.irurueta:irurueta-navigation,com.irurueta.navigation.inertial.calibration.gyroscope,LMedSRobustEasyGyroscopeCalibrator.new LMedSRobustEstimatorListener() {...},12,50,3,1,3,12,3,9,1,9
com.irurueta:irurueta-navigation,com.irurueta.navigation.inertial.calibration.gyroscope,TurntableGyroscopeCalibrator.new LevenbergMarquardtMultiDimensionFunctionEvaluator() {...},0,127,0,6,0,19,0,7,0,4
com.irurueta:irurueta-navigation,com.irurueta.navigation.inertial.calibration.gyroscope,TurntableGyroscopeCalibrator.new MultiDimensionFunctionEvaluatorListener() {...},0,11,0,0,0,2,0,2,0,2
com.irurueta:irurueta-navigation,com.irurueta.navigation.inertial.calibration.gyroscope,TurntableGyroscopeCalibrator.new LevenbergMarquardtMultiDimensionFunctionEvaluator() {...},0,95,0,8,0,17,0,8,0,4
com.irurueta:irurueta-navigation,com.irurueta.navigation.inertial.calibration.gyroscope,TurntableGyroscopeCalibrator.new MultiDimensionFunctionEvaluatorListener() {...},0,11,0,0,0,2,0,2,0,2
com.irurueta:irurueta-navigation,com.irurueta.navigation.inertial.calibration.gyroscope,TurntableGyroscopeCalibrator.new MultiDimensionFunctionEvaluatorListener() {...},0,11,0,0,0,2,0,2,0,2
com.irurueta:irurueta-navigation,com.irurueta.navigation.inertial.calibration.gyroscope,TurntableGyroscopeCalibrator.new LevenbergMarquardtMultiDimensionFunctionEvaluator() {...},0,138,0,10,0,23,0,9,0,4
com.irurueta:irurueta-navigation,com.irurueta.navigation.inertial.calibration.gyroscope,TurntableGyroscopeCalibrator.new MultiDimensionFunctionEvaluatorListener() {...},0,11,0,0,0,2,0,2,0,2
com.irurueta:irurueta-navigation,com.irurueta.navigation.inertial.calibration.gyroscope,RobustEasyGyroscopeCalibrator,89,5098,7,449,28,1016,7,524,0,252
com.irurueta:irurueta-navigation,com.irurueta.navigation.inertial.calibration.gyroscope,TurntableGyroscopeCalibrator.new LevenbergMarquardtMultiDimensionFunctionEvaluator() {...},0,86,0,4,0,14,0,6,0,4
com.irurueta:irurueta-navigation,com.irurueta.navigation.inertial.calibration.gyroscope,RANSACRobustTurntableGyroscopeCalibrator.new RANSACRobustEstimatorListener() {...},0,66,2,2,0,16,2,11,0,11
com.irurueta:irurueta-navigation,com.irurueta.navigation.inertial.calibration.gyroscope,PROSACRobustKnownFrameGyroscopeCalibrator,22,424,8,28,7,92,8,38,0,28
com.irurueta:irurueta-navigation,com.irurueta.navigation.inertial.calibration.gyroscope,MSACRobustKnownBiasAndFrameGyroscopeCalibrator,22,453,3,9,7,107,3,47,0,44
com.irurueta:irurueta-navigation,com.irurueta.navigation.inertial.calibration.gyroscope,LMedSRobustKnownBiasEasyGyroscopeCalibrator,22,301,3,9,7,63,3,24,0,21
com.irurueta:irurueta-navigation,com.irurueta.navigation.inertial.calibration.gyroscope,PROMedSRobustTurntableGyroscopeCalibrator.new PROMedSRobustEstimatorListener() {...},12,58,3,1,3,14,3,11,1,11
com.irurueta:irurueta-navigation,com.irurueta.navigation.inertial.calibration.gyroscope,RobustKnownBiasEasyGyroscopeCalibrator,72,4619,6,384,29,897,6,457,0,217
com.irurueta:irurueta-navigation,com.irurueta.navigation.inertial.calibration.gyroscope,RobustTurntableGyroscopeCalibrator,751,8015,48,590,85,1277,53,696,13,318
com.irurueta:irurueta-navigation,com.irurueta.navigation.inertial.calibration.gyroscope,KnownBiasAndFrameGyroscopeLinearLeastSquaresCalibrator,15,1503,1,79,7,377,1,115,0,76
com.irurueta:irurueta-navigation,com.irurueta.navigation.utils,LocationUtils,17,383,10,56,1,86,8,33,0,8
com.irurueta:irurueta-navigation,com.irurueta.navigation.utils,LocationUtils.BearingDistance,0,51,0,0,0,15,0,10,0,10
com.irurueta:irurueta-navigation,com.irurueta.navigation.inertial.calibration,FrameBodyKinematics,22,474,17,47,4,140,15,62,0,45
com.irurueta:irurueta-navigation,com.irurueta.navigation.inertial.calibration,TimeIntervalEstimator,2,336,5,31,1,86,5,37,0,24
com.irurueta:irurueta-navigation,com.irurueta.navigation.inertial.calibration,INSLooselyCoupledKalmanConfigCreator,0,151,5,9,0,44,5,20,0,18
com.irurueta:irurueta-navigation,com.irurueta.navigation.inertial.calibration,BodyMagneticFluxDensityGenerator,10,161,3,7,4,39,3,7,0,5
com.irurueta:irurueta-navigation,com.irurueta.navigation.inertial.calibration,AngularRateFixer,3,1757,3,83,3,392,3,128,0,88
com.irurueta:irurueta-navigation,com.irurueta.navigation.inertial.calibration,StandardDeviationFrameBodyKinematics,19,727,8,14,5,242,6,86,1,80
com.irurueta:irurueta-navigation,com.irurueta.navigation.inertial.calibration,BodyKinematicsFixer,0,641,0,0,0,198,0,110,0,110
com.irurueta:irurueta-navigation,com.irurueta.navigation.inertial.calibration,IMUErrors,3,889,8,68,3,239,8,90,0,60
com.irurueta:irurueta-navigation,com.irurueta.navigation.inertial.calibration,RandomWalkEstimator,284,2468,65,109,88,646,65,238,0,216
com.irurueta:irurueta-navigation,com.irurueta.navigation.inertial.calibration,CalibrationException,0,16,0,0,0,8,0,4,0,4
com.irurueta:irurueta-navigation,com.irurueta.navigation.inertial.calibration,RandomWalkEstimationException,0,16,0,0,0,8,0,4,0,4
com.irurueta:irurueta-navigation,com.irurueta.navigation.inertial.calibration,Triad,5,359,4,28,2,87,4,40,0,28
com.irurueta:irurueta-navigation,com.irurueta.navigation.inertial.calibration,INSLooselyCoupledKalmanInitializerConfigCreator,0,129,5,11,0,42,5,18,0,15
com.irurueta:irurueta-navigation,com.irurueta.navigation.inertial.calibration,BodyKinematicsGenerator,2,628,2,26,2,133,2,26,0,14
com.irurueta:irurueta-navigation,com.irurueta.navigation.inertial.calibration,AngularSpeedTriad,0,166,0,0,0,43,0,19,0,19
com.irurueta:irurueta-navigation,com.irurueta.navigation.inertial.calibration,BodyKinematicsSequence,13,571,11,27,2,157,11,60,0,52
com.irurueta:irurueta-navigation,com.irurueta.navigation.inertial.calibration,StandardDeviationFrameBodyMagneticFluxDensity,19,371,7,11,5,130,5,57,1,52
com.irurueta:irurueta-navigation,com.irurueta.navigation.inertial.calibration,StandardDeviationBodyMagneticFluxDensity,0,166,3,21,0,49,3,25,0,16
com.irurueta:irurueta-navigation,com.irurueta.navigation.inertial.calibration,TimedBodyKinematics,3,199,5,17,0,58,4,29,0,22
com.irurueta:irurueta-navigation,com.irurueta.navigation.inertial.calibration,AccelerationTriad,0,166,0,0,0,43,0,19,0,19
com.irurueta:irurueta-navigation,com.irurueta.navigation.inertial.calibration,IMUErrorsCreator,0,159,7,13,0,48,7,20,0,17
com.irurueta:irurueta-navigation,com.irurueta.navigation.inertial.calibration,FrameBodyMagneticFluxDensity,11,399,10,32,2,126,9,57,0,45
com.irurueta:irurueta-navigation,com.irurueta.navigation.inertial.calibration,StandardDeviationBodyKinematics,0,282,4,24,0,78,4,38,0,28
com.irurueta:irurueta-navigation,com.irurueta.navigation.inertial.calibration,StandardDeviationTimedBodyKinematics,0,338,2,16,0,105,2,45,0,38
com.irurueta:irurueta-navigation,com.irurueta.navigation.inertial.calibration,AccelerationFixer,3,1399,1,65,3,332,1,115,0,83
com.irurueta:irurueta-navigation,com.irurueta.navigation.inertial.calibration,TimedBodyKinematicsAndMagneticFluxDensity,0,227,1,9,0,71,1,33,0,29
com.irurueta:irurueta-navigation,com.irurueta.navigation.inertial.calibration,MagneticFluxDensityTriad,0,166,0,0,0,44,0,19,0,19
com.irurueta:irurueta-navigation,com.irurueta.navigation.inertial.calibration,BodyKinematicsSequence.new Comparator() {...},0,16,0,0,0,4,0,2,0,2
com.irurueta:irurueta-navigation,com.irurueta.navigation.inertial.calibration,MagneticFluxDensityFixer,3,1562,1,71,3,368,1,125,0,90
com.irurueta:irurueta-navigation,com.irurueta.navigation.indoor,RangingAndRssiFingerprintLocated,0,47,1,7,0,17,1,8,0,5
com.irurueta:irurueta-navigation,com.irurueta.navigation.indoor,RssiFingerprintLocated3D,0,14,0,0,0,6,0,3,0,3
com.irurueta:irurueta-navigation,com.irurueta.navigation.indoor,ReadingType,0,34,0,0,0,4,0,1,0,1
com.irurueta:irurueta-navigation,com.irurueta.navigation.indoor,AltBeaconUtils,0,98,0,0,0,17,0,16,0,16
com.irurueta:irurueta-navigation,com.irurueta.navigation.indoor,RssiFingerprint,2,219,2,30,1,56,2,21,0,7
com.irurueta:irurueta-navigation,com.irurueta.navigation.indoor,RssiFingerprintLocated2D,0,14,0,0,0,6,0,3,0,3
com.irurueta:irurueta-navigation,com.irurueta.navigation.indoor,WifiAccessPointWithPower,0,157,0,16,0,42,0,22,0,14
com.irurueta:irurueta-navigation,com.irurueta.navigation.indoor,RangingFingerprintLocated,0,47,1,7,0,17,1,8,0,5
com.irurueta:irurueta-navigation,com.irurueta.navigation.indoor,BeaconLocated,0,193,4,28,0,56,4,23,0,11
com.irurueta:irurueta-navigation,com.irurueta.navigation.indoor,WifiAccessPointLocated,0,91,2,14,0,30,2,13,0,7
com.irurueta:irurueta-navigation,com.irurueta.navigation.indoor,RangingReadingLocated2D,0,67,0,0,0,18,0,9,0,9
com.irurueta:irurueta-navigation,com.irurueta.navigation.indoor,RangingReadingLocated3D,0,67,0,0,0,18,0,9,0,9
com.irurueta:irurueta-navigation,com.irurueta.navigation.indoor,IndoorException,0,16,0,0,0,8,0,4,0,4
com.irurueta:irurueta-navigation,com.irurueta.navigation.indoor,WifiAccessPoint,2,70,1,9,1,25,1,13,0,9
com.irurueta:irurueta-navigation,com.irurueta.navigation.indoor,RadioSourceKNearestFinder,0,198,1,33,0,52,1,24,0,8
com.irurueta:irurueta-navigation,com.irurueta.navigation.indoor,RssiReading,0,37,0,4,0,13,0,8,0,6
com.irurueta:irurueta-navigation,com.irurueta.navigation.indoor,RangingFingerprintLocated2D,0,14,0,0,0,6,0,3,0,3
com.irurueta:irurueta-navigation,com.irurueta.navigation.indoor,RangingFingerprintLocated3D,0,14,0,0,0,6,0,3,0,3
com.irurueta:irurueta-navigation,com.irurueta.navigation.indoor,RadioSourceType,0,24,0,0,0,3,0,1,0,1
com.irurueta:irurueta-navigation,com.irurueta.navigation.indoor,BeaconLocated3D,0,79,0,0,0,18,0,9,0,9
com.irurueta:irurueta-navigation,com.irurueta.navigation.indoor,BeaconLocated2D,0,79,0,0,0,18,0,9,0,9
com.irurueta:irurueta-navigation,com.irurueta.navigation.indoor,BeaconIdentifier,1,721,3,91,0,129,3,65,0,21
com.irurueta:irurueta-navigation,com.irurueta.navigation.indoor,Utils.new MultivariateNormalDist.JacobianEvaluator() {...},0,167,0,0,0,32,0,3,0,3
com.irurueta:irurueta-navigation,com.irurueta.navigation.indoor,Utils.new MultivariateNormalDist.JacobianEvaluator() {...},0,226,0,0,0,42,0,3,0,3
com.irurueta:irurueta-navigation,com.irurueta.navigation.indoor,RangingAndRssiReading,0,120,0,14,0,33,0,19,0,12
com.irurueta:irurueta-navigation,com.irurueta.navigation.indoor,Utils,90,1587,56,178,24,225,53,76,0,12
com.irurueta:irurueta-navigation,com.irurueta.navigation.indoor,RssiReadingLocated3D,0,31,0,0,0,10,0,5,0,5
com.irurueta:irurueta-navigation,com.irurueta.navigation.indoor,RangingFingerprint,0,7,0,0,0,4,0,2,0,2
com.irurueta:irurueta-navigation,com.irurueta.navigation.indoor,Beacon,0,209,2,30,0,54,2,34,0,20
com.irurueta:irurueta-navigation,com.irurueta.navigation.indoor,RangingAndRssiReadingLocated2D,0,79,0,0,0,18,0,9,0,9
com.irurueta:irurueta-navigation,com.irurueta.navigation.indoor,RssiReadingLocated2D,0,31,0,0,0,10,0,5,0,5
com.irurueta:irurueta-navigation,com.irurueta.navigation.indoor,Fingerprint,0,38,0,4,0,13,0,6,0,4
com.irurueta:irurueta-navigation,com.irurueta.navigation.indoor,WeightedKNearestNeighboursPositionSolver3D,0,34,0,2,0,14,0,7,0,6
com.irurueta:irurueta-navigation,com.irurueta.navigation.indoor,RangingAndRssiFingerprint,0,7,0,0,0,4,0,2,0,2
com.irurueta:irurueta-navigation,com.irurueta.navigation.indoor,WeightedKNearestNeighboursPositionSolver2D,0,34,0,2,0,14,0,7,0,6
com.irurueta:irurueta-navigation,com.irurueta.navigation.indoor,RadioSourceNoMeanKNearestFinder,0,198,1,33,0,52,1,24,0,8
com.irurueta:irurueta-navigation,com.irurueta.navigation.indoor,RangingAndRssiReadingLocated3D,0,79,0,0,0,18,0,9,0,9
com.irurueta:irurueta-navigation,com.irurueta.navigation.indoor,Utils.new MultivariateNormalDist.JacobianEvaluator() {...},1,23,0,0,1,6,0,3,0,3
com.irurueta:irurueta-navigation,com.irurueta.navigation.indoor,Utils.new MultiVariateFunctionEvaluatorListener() {...},0,276,0,0,0,26,0,3,0,3
com.irurueta:irurueta-navigation,com.irurueta.navigation.indoor,Utils.new MultivariateNormalDist.JacobianEvaluator() {...},1,23,0,0,1,6,0,3,0,3
com.irurueta:irurueta-navigation,com.irurueta.navigation.indoor,Utils.new MultiVariateFunctionEvaluatorListener() {...},0,591,0,0,0,53,0,3,0,3
com.irurueta:irurueta-navigation,com.irurueta.navigation.indoor,Utils.new MultivariateNormalDist.JacobianEvaluator() {...},0,353,0,0,0,42,0,3,0,3
com.irurueta:irurueta-navigation,com.irurueta.navigation.indoor,Utils.new MultivariateNormalDist.JacobianEvaluator() {...},0,253,0,0,0,32,0,3,0,3
com.irurueta:irurueta-navigation,com.irurueta.navigation.indoor,Utils.new MultivariateNormalDist.JacobianEvaluator() {...},0,1874,0,0,0,47,0,3,0,3
com.irurueta:irurueta-navigation,com.irurueta.navigation.indoor,Utils.new MultivariateNormalDist.JacobianEvaluator() {...},0,678,0,0,0,39,0,3,0,3
com.irurueta:irurueta-navigation,com.irurueta.navigation.indoor,RangingReadingLocated,0,197,2,34,0,62,2,27,0,11
com.irurueta:irurueta-navigation,com.irurueta.navigation.indoor,Utils.new MultivariateNormalDist.JacobianEvaluator() {...},0,153,0,0,0,18,0,3,0,3
com.irurueta:irurueta-navigation,com.irurueta.navigation.indoor,WifiAccessPointLocated2D,0,31,0,0,0,10,0,5,0,5
com.irurueta:irurueta-navigation,com.irurueta.navigation.indoor,Reading,0,30,1,5,0,9,1,6,0,4
com.irurueta:irurueta-navigation,com.irurueta.navigation.indoor,WifiAccessPointLocated3D,0,31,0,0,0,10,0,5,0,5
com.irurueta:irurueta-navigation,com.irurueta.navigation.indoor,RssiFingerprintLocated,0,47,2,6,0,17,2,7,0,5
com.irurueta:irurueta-navigation,com.irurueta.navigation.indoor,RangingAndRssiFingerprintLocated2D,0,14,0,0,0,6,0,3,0,3
com.irurueta:irurueta-navigation,com.irurueta.navigation.indoor,RangingReading,0,104,0,14,0,31,0,17,0,10
com.irurueta:irurueta-navigation,com.irurueta.navigation.indoor,RangingAndRssiFingerprintLocated3D,0,14,0,0,0,6,0,3,0,3
com.irurueta:irurueta-navigation,com.irurueta.navigation.indoor,BeaconWithPowerAndLocated3D,0,407,0,0,0,74,0,37,0,37
com.irurueta:irurueta-navigation,com.irurueta.navigation.indoor,RangingAndRssiReadingLocated,0,193,6,26,0,56,6,21,0,11
com.irurueta:irurueta-navigation,com.irurueta.navigation.indoor,BeaconWithPowerAndLocated,12,869,29,115,3,217,29,82,0,39
com.irurueta:irurueta-navigation,com.irurueta.navigation.indoor,BeaconWithPowerAndLocated2D,0,407,0,0,0,74,0,37,0,37
com.irurueta:irurueta-navigation,com.irurueta.navigation.indoor,WeightedKNearestNeighboursPositionSolver,0,321,4,46,0,79,4,38,0,17
com.irurueta:irurueta-navigation,com.irurueta.navigation.indoor,WifiAccessPointWithPowerAndLocated2D,0,172,0,0,0,38,0,19,0,19
com.irurueta:irurueta-navigation,com.irurueta.navigation.indoor,WifiAccessPointWithPowerAndLocated3D,0,172,0,0,0,38,0,19,0,19
com.irurueta:irurueta-navigation,com.irurueta.navigation.indoor,RssiReadingLocated,0,91,2,14,0,30,2,13,0,7
com.irurueta:irurueta-navigation,com.irurueta.navigation.indoor,WifiAccessPointWithPowerAndLocated,0,412,9,63,0,112,9,48,0,21
com.irurueta:irurueta-navigation,com.irurueta.navigation.indoor,BeaconWithPower,0,416,2,54,0,91,2,48,0,22
com.irurueta:irurueta-navigation,com.irurueta.navigation.geodesic.wmm,EarthMagneticFluxDensityEstimator,0,138,0,0,0,35,0,11,0,11
com.irurueta:irurueta-navigation,com.irurueta.navigation.geodesic.wmm,WorldMagneticModel,0,30,0,0,0,7,0,1,0,1
com.irurueta:irurueta-navigation,com.irurueta.navigation.geodesic.wmm,WMMEarthMagneticFluxDensityEstimator,226,2524,8,52,43,408,18,163,12,139
com.irurueta:irurueta-navigation,com.irurueta.navigation.geodesic.wmm,WMMLoader,3,419,1,11,1,62,2,11,1,6
com.irurueta:irurueta-navigation,com.irurueta.navigation.inertial.calibration.noise,WindowedAngularSpeedTriadNoiseEstimator,0,39,0,0,0,10,0,8,0,8
com.irurueta:irurueta-navigation,com.irurueta.navigation.inertial.calibration.noise,WindowedAccelerationTriadNoiseEstimator,0,39,0,0,0,10,0,8,0,8
com.irurueta:irurueta-navigation,com.irurueta.navigation.inertial.calibration.noise,AccumulatedBodyKinematicsNoiseEstimator,1,780,5,21,0,219,5,120,0,112
com.irurueta:irurueta-navigation,com.irurueta.navigation.inertial.calibration.noise,WindowedMagneticFluxDensityTriadNoiseEstimator,0,36,0,0,0,9,0,7,0,7
com.irurueta:irurueta-navigation,com.irurueta.navigation.inertial.calibration.noise,AccumulatedTriadNoiseEstimator,0,711,0,24,0,162,0,71,0,59
com.irurueta:irurueta-navigation,com.irurueta.navigation.inertial.calibration.noise,AccumulatedMagneticFluxDensityMeasurementNoiseEstimator,0,26,0,0,0,8,0,5,0,5
com.irurueta:irurueta-navigation,com.irurueta.navigation.inertial.calibration.noise,AccumulatedAngularSpeedTriadNoiseEstimator,7,33,0,0,1,9,1,7,1,7
com.irurueta:irurueta-navigation,com.irurueta.navigation.inertial.calibration.noise,AccumulatedAccelerationMeasurementNoiseEstimator,0,29,0,0,0,9,0,6,0,6
com.irurueta:irurueta-navigation,com.irurueta.navigation.inertial.calibration.noise,AccumulatedMeasurementNoiseEstimator,2,317,4,20,1,81,4,33,0,25
com.irurueta:irurueta-navigation,com.irurueta.navigation.inertial.calibration.noise,WindowedTriadNoiseEstimator,4,844,1,47,1,213,1,93,0,70
com.irurueta:irurueta-navigation,com.irurueta.navigation.inertial.calibration.noise,AccumulatedMagneticFluxDensityTriadNoiseEstimator,7,30,0,0,1,8,1,6,1,6
com.irurueta:irurueta-navigation,com.irurueta.navigation.inertial.calibration.noise,AccumulatedAccelerationTriadNoiseEstimator,7,33,0,0,1,9,1,7,1,7
com.irurueta:irurueta-navigation,com.irurueta.navigation.inertial.calibration.noise,WindowedBodyKinematicsNoiseEstimator,0,1423,3,47,0,359,3,142,0,120
com.irurueta:irurueta-navigation,com.irurueta.navigation.inertial.calibration.noise,AccumulatedAngularSpeedMeasurementNoiseEstimator,0,29,0,0,0,9,0,6,0,6
com.irurueta:irurueta-navigation,com.irurueta.navigation.inertial.calibration.noise,WindowedAccelerationMeasurementNoiseEstimator,0,29,0,0,0,9,0,6,0,6
com.irurueta:irurueta-navigation,com.irurueta.navigation.inertial.calibration.noise,WindowedAngularSpeedMeasurementNoiseEstimator,0,29,0,0,0,9,0,6,0,6
com.irurueta:irurueta-navigation,com.irurueta.navigation.inertial.calibration.noise,WindowedMagneticFluxDensityMeasurementNoiseEstimator,0,26,0,0,0,8,0,5,0,5
com.irurueta:irurueta-navigation,com.irurueta.navigation.inertial.calibration.noise,WindowedMeasurementNoiseEstimator,4,525,4,48,1,137,4,60,0,38
com.irurueta:irurueta-navigation,com.irurueta.navigation.inertial.calibration.generators,MeasurementsGenerator,1,414,2,41,1,129,2,65,0,45
com.irurueta:irurueta-navigation,com.irurueta.navigation.inertial.calibration.generators,AccelerometerGyroscopeAndMagnetometerMeasurementsGenerator.new AccelerometerMeasurementsGeneratorListener() {...},0,37,2,2,0,14,2,10,0,10
com.irurueta:irurueta-navigation,com.irurueta.navigation.inertial.calibration.generators,AccelerometerGyroscopeAndMagnetometerMeasurementsGenerator.new GyroscopeMeasurementGeneratorListener() {...},0,26,1,1,0,12,1,10,0,10
com.irurueta:irurueta-navigation,com.irurueta.navigation.inertial.calibration.generators,AccelerometerGyroscopeAndMagnetometerMeasurementsGenerator.new MagnetometerMeasurementsGeneratorListener() {...},0,87,7,7,0,24,7,10,0,10
com.irurueta:irurueta-navigation,com.irurueta.navigation.inertial.calibration.generators,AccelerometerGyroscopeAndMagnetometerMeasurementsGenerator,0,484,3,31,0,135,3,65,0,51
com.irurueta:irurueta-navigation,com.irurueta.navigation.inertial.calibration.generators,AccelerometerMeasurementsGenerator,0,56,1,3,0,20,1,9,0,8
com.irurueta:irurueta-navigation,com.irurueta.navigation.inertial.calibration.generators,AccelerometerAndGyroscopeMeasurementsGenerator,0,417,2,30,0,120,2,65,0,51
com.irurueta:irurueta-navigation,com.irurueta.navigation.inertial.calibration.generators,GyroscopeMeasurementsGenerator,1,326,4,16,1,87,4,26,0,20
com.irurueta:irurueta-navigation,com.irurueta.navigation.inertial.calibration.generators,AccelerometerAndGyroscopeMeasurementsGenerator.new GyroscopeMeasurementGeneratorListener() {...},0,87,7,7,0,24,7,10,0,10
com.irurueta:irurueta-navigation,com.irurueta.navigation.inertial.calibration.generators,AccelerometerAndGyroscopeMeasurementsGenerator.new AccelerometerMeasurementsGeneratorListener() {...},0,37,2,2,0,14,2,10,0,10
com.irurueta:irurueta-navigation,com.irurueta.navigation.inertial.calibration.generators,MagnetometerMeasurementsGenerator,1,114,1,7,1,30,1,12,0,9
com.irurueta:irurueta-navigation,com.irurueta.navigation.inertial.calibration.generators,MeasurementsGenerator.new AccelerationTriadStaticIntervalDetectorListener() {...},0,120,7,9,0,28,7,8,0,7
com.irurueta:irurueta-navigation,com.irurueta.navigation.indoor.position,LMedSRobustMixedPositionEstimator3D,0,89,0,0,0,40,0,12,0,12
com.irurueta:irurueta-navigation,com.irurueta.navigation.indoor.position,SequentialRobustMixedPositionEstimator3D,0,318,2,14,0,80,2,32,0,22
com.irurueta:irurueta-navigation,com.irurueta.navigation.indoor.position,RobustRangingPositionEstimator2D,6,728,3,85,2,137,3,101,0,36
com.irurueta:irurueta-navigation,com.irurueta.navigation.indoor.position,RssiPositionEstimator,0,7,0,0,0,4,0,2,0,2
com.irurueta:irurueta-navigation,com.irurueta.navigation.indoor.position,SequentialRobustMixedPositionEstimator2D,0,318,2,14,0,80,2,32,0,22
com.irurueta:irurueta-navigation,com.irurueta.navigation.indoor.position,RobustRangingPositionEstimator3D,6,728,3,85,2,137,3,101,0,36
com.irurueta:irurueta-navigation,com.irurueta.navigation.indoor.position,SequentialRobustRangingAndRssiPositionEstimator.new RobustRangingPositionEstimatorListener() {...},16,9,2,0,3,4,2,4,1,4
com.irurueta:irurueta-navigation,com.irurueta.navigation.indoor.position,SequentialRobustRangingAndRssiPositionEstimator.new RobustRssiPositionEstimatorListener() {...},14,9,2,0,3,4,2,4,1,4
com.irurueta:irurueta-navigation,com.irurueta.navigation.indoor.position,PROSACRobustRssiPositionEstimator2D,4,253,1,11,2,102,1,35,0,30
[...]
com.irurueta:irurueta-navigation,com.irurueta.navigation.inertial.estimators,AttitudeEstimator,0,856,0,0,0,160,0,57,0,57
com.irurueta:irurueta-navigation,com.irurueta.navigation.inertial.estimators,LevelingEstimator2,1,198,0,0,1,49,0,9,0,9
com.irurueta:irurueta-navigation,com.irurueta.navigation.inertial.estimators,NEDVelocityEstimator,0,1138,0,2,0,213,0,94,0,93
com.irurueta:irurueta-navigation,com.irurueta.navigation.inertial.estimators,LevelingEstimator,0,518,0,0,0,110,0,42,0,42
com.irurueta:irurueta-navigation,com.irurueta.navigation.inertial.estimators,BodyMagneticFluxDensityEstimator,1,278,0,0,1,65,0,15,0,15
com.irurueta:irurueta-navigation,com.irurueta.navigation.inertial.estimators,NEDKinematicsEstimator,85,2790,1,11,18,480,9,186,8,181
com.irurueta:irurueta-navigation,com.irurueta.navigation.inertial.estimators,ECEFGravityEstimator,0,208,0,2,0,45,0,19,0,18
com.irurueta:irurueta-navigation,com.irurueta.navigation.inertial.estimators,RadiiOfCurvatureEstimator,0,77,0,0,0,22,0,9,0,9
com.irurueta:irurueta-navigation,com.irurueta.navigation.inertial.estimators,NEDPositionEstimator,0,1027,0,2,0,179,0,78,0,77
com.irurueta:irurueta-navigation,com.irurueta.navigation.inertial.estimators,ECEFKinematicsEstimator,2,1845,1,11,1,322,1,110,0,105
com.irurueta:irurueta-navigation,com.irurueta.navigation.inertial.estimators,NEDGravityEstimator,0,175,0,0,0,41,0,19,0,19
com.irurueta:irurueta-navigation,com.irurueta.navigation.inertial.calibration.accelerometer,PROMedSRobustKnownBiasAndPositionAccelerometerCalibrator,22,941,4,20,7,219,4,89,0,81
com.irurueta:irurueta-navigation,com.irurueta.navigation.inertial.calibration.accelerometer,PROMedSRobustKnownBiasAndGravityNormAccelerometerCalibrator,26,943,5,19,8,220,5,89,0,82
com.irurueta:irurueta-navigation,com.irurueta.navigation.inertial.calibration.accelerometer,RANSACRobustKnownBiasAndPositionAccelerometerCalibrator,22,772,5,19,7,124,5,56,0,49
com.irurueta:irurueta-navigation,com.irurueta.navigation.inertial.calibration.accelerometer,KnownGravityNormAccelerometerCalibrator,0,2439,0,4,0,475,0,238,0,236
com.irurueta:irurueta-navigation,com.irurueta.navigation.inertial.calibration.accelerometer,MSACRobustKnownBiasAndPositionAccelerometerCalibrator,22,476,3,9,7,110,3,48,0,45
com.irurueta:irurueta-navigation,com.irurueta.navigation.inertial.calibration.accelerometer,MSACRobustKnownFrameAccelerometerCalibrator,22,149,3,9,7,43,3,15,0,12
com.irurueta:irurueta-navigation,com.irurueta.navigation.inertial.calibration.accelerometer,RANSACRobustKnownPositionAccelerometerCalibrator,22,772,5,19,7,124,5,56,0,49
com.irurueta:irurueta-navigation,com.irurueta.navigation.inertial.calibration.accelerometer,RobustKnownBiasAndGravityNormAccelerometerCalibrator.PreliminaryResult,0,3,0,0,0,1,0,1,0,1
com.irurueta:irurueta-navigation,com.irurueta.navigation.inertial.calibration.accelerometer,PROSACRobustKnownBiasAndPositionAccelerometerCalibrator.new PROSACRobustEstimatorListener() {...},12,58,3,1,3,14,3,11,1,11
com.irurueta:irurueta-navigation,com.irurueta.navigation.inertial.calibration.accelerometer,KnownBiasAndFrameAccelerometerNonLinearLeastSquaresCalibrator,29,2190,2,110,17,575,2,207,0,153
com.irurueta:irurueta-navigation,com.irurueta.navigation.inertial.calibration.accelerometer,RANSACRobustKnownGravityNormAccelerometerCalibrator.new RANSACRobustEstimatorListener() {...},0,66,2,2,0,16,2,11,0,11
com.irurueta:irurueta-navigation,com.irurueta.navigation.inertial.calibration.accelerometer,MSACRobustKnownPositionAccelerometerCalibrator.new MSACRobustEstimatorListener() {...},0,66,2,2,0,16,2,11,0,11
com.irurueta:irurueta-navigation,com.irurueta.navigation.inertial.calibration.accelerometer,RANSACRobustKnownPositionAccelerometerCalibrator.new RANSACRobustEstimatorListener() {...},0,66,2,2,0,16,2,11,0,11
com.irurueta:irurueta-navigation,com.irurueta.navigation.inertial.calibration.accelerometer,RANSACRobustKnownBiasAndFrameAccelerometerCalibrator.new RANSACRobustEstimatorListener() {...},0,66,2,2,0,16,2,11,0,11
com.irurueta:irurueta-navigation,com.irurueta.navigation.inertial.calibration.accelerometer,KnownBiasAndPositionAccelerometerCalibrator,81,2686,2,12,79,650,2,246,0,241
com.irurueta:irurueta-navigation,com.irurueta.navigation.inertial.calibration.accelerometer,KnownBiasAndFrameAccelerometerLinearLeastSquaresCalibrator,15,1383,1,77,7,350,1,112,0,74
com.irurueta:irurueta-navigation,com.irurueta.navigation.inertial.calibration.accelerometer,RobustKnownBiasAndPositionAccelerometerCalibrator,52,5451,6,515,21,971,6,619,0,255
com.irurueta:irurueta-navigation,com.irurueta.navigation.inertial.calibration.accelerometer,PROMedSRobustKnownBiasAndFrameAccelerometerCalibrator,22,837,6,18,7,227,6,90,0,84
com.irurueta:irurueta-navigation,com.irurueta.navigation.inertial.calibration.accelerometer,RANSACRobustKnownFrameAccelerometerCalibrator,22,247,5,19,7,57,5,23,0,16
com.irurueta:irurueta-navigation,com.irurueta.navigation.inertial.calibration.accelerometer,RobustKnownPositionAccelerometerCalibrator.PreliminaryResult,0,3,0,0,0,1,0,1,0,1
com.irurueta:irurueta-navigation,com.irurueta.navigation.inertial.calibration.accelerometer,KnownFrameAccelerometerLinearLeastSquaresCalibrator,10,984,1,73,3,234,1,82,0,46
com.irurueta:irurueta-navigation,com.irurueta.navigation.inertial.calibration.accelerometer,PROSACRobustKnownGravityNormAccelerometerCalibrator.new PROSACRobustEstimatorListener() {...},12,58,3,1,3,14,3,11,1,11
com.irurueta:irurueta-navigation,com.irurueta.navigation.inertial.calibration.accelerometer,PROSACRobustKnownBiasAndGravityNormAccelerometerCalibrator.new PROSACRobustEstimatorListener() {...},0,70,2,2,0,17,2,12,0,12
com.irurueta:irurueta-navigation,com.irurueta.navigation.inertial.calibration.accelerometer,KnownFrameAccelerometerNonLinearLeastSquaresCalibrator.new LevenbergMarquardtMultiVariateFunctionEvaluator() {...},0,382,0,0,0,72,0,5,0,5
com.irurueta:irurueta-navigation,com.irurueta.navigation.inertial.calibration.accelerometer,RANSACRobustKnownFrameAccelerometerCalibrator.new RANSACRobustEstimatorListener() {...},0,66,2,2,0,16,2,11,0,11
com.irurueta:irurueta-navigation,com.irurueta.navigation.inertial.calibration.accelerometer,KnownFrameAccelerometerNonLinearLeastSquaresCalibrator.new LevenbergMarquardtMultiVariateFunctionEvaluator() {...},0,295,0,0,0,57,0,5,0,5
com.irurueta:irurueta-navigation,com.irurueta.navigation.inertial.calibration.accelerometer,RobustKnownFrameAccelerometerCalibrator,40,2696,3,285,16,631,3,336,0,171
com.irurueta:irurueta-navigation,com.irurueta.navigation.inertial.calibration.accelerometer,MSACRobustKnownBiasAndPositionAccelerometerCalibrator.new MSACRobustEstimatorListener() {...},0,66,2,2,0,16,2,11,0,11
com.irurueta:irurueta-navigation,com.irurueta.navigation.inertial.calibration.accelerometer,MSACRobustKnownBiasAndFrameAccelerometerCalibrator,22,453,3,9,7,107,3,47,0,44
com.irurueta:irurueta-navigation,com.irurueta.navigation.inertial.calibration.accelerometer,LMedSRobustKnownPositionAccelerometerCalibrator,22,480,3,9,7,111,3,48,0,45
com.irurueta:irurueta-navigation,com.irurueta.navigation.inertial.calibration.accelerometer,RANSACRobustKnownGravityNormAccelerometerCalibrator,22,768,5,19,7,123,5,56,0,49
com.irurueta:irurueta-navigation,com.irurueta.navigation.inertial.calibration.accelerometer,LMedSRobustKnownFrameAccelerometerCalibrator.new LMedSRobustEstimatorListener() {...},0,62,2,2,0,15,2,10,0,10
com.irurueta:irurueta-navigation,com.irurueta.navigation.inertial.calibration.accelerometer,PROMedSRobustKnownBiasAndGravityNormAccelerometerCalibrator.new PROMedSRobustEstimatorListener() {...},12,58,3,1,3,14,3,11,1,11
com.irurueta:irurueta-navigation,com.irurueta.navigation.inertial.calibration.accelerometer,BaseBiasGravityNormAccelerometerCalibrator,31,3503,2,134,18,888,2,308,0,242
com.irurueta:irurueta-navigation,com.irurueta.navigation.inertial.calibration.accelerometer,KnownBiasAndGravityNormAccelerometerCalibrator,0,2439,0,4,0,475,0,238,0,236
com.irurueta:irurueta-navigation,com.irurueta.navigation.inertial.calibration.accelerometer,MSACRobustKnownGravityNormAccelerometerCalibrator.new MSACRobustEstimatorListener() {...},0,66,2,2,0,16,2,11,0,11
com.irurueta:irurueta-navigation,com.irurueta.navigation.inertial.calibration.accelerometer,BaseGravityNormAccelerometerCalibrator,31,4331,2,202,18,1076,2,377,0,277
com.irurueta:irurueta-navigation,com.irurueta.navigation.inertial.calibration.accelerometer,PROSACRobustKnownBiasAndPositionAccelerometerCalibrator,22,1426,6,30,7,232,6,97,0,85
com.irurueta:irurueta-navigation,com.irurueta.navigation.inertial.calibration.accelerometer,LMedSRobustKnownGravityNormAccelerometerCalibrator,22,476,3,9,7,110,3,48,0,45
com.irurueta:irurueta-navigation,com.irurueta.navigation.inertial.calibration.accelerometer,LMedSRobustKnownBiasAndPositionAccelerometerCalibrator.new LMedSRobustEstimatorListener() {...},0,62,2,2,0,15,2,10,0,10
com.irurueta:irurueta-navigation,com.irurueta.navigation.inertial.calibration.accelerometer,MSACRobustKnownBiasAndFrameAccelerometerCalibrator.new MSACRobustEstimatorListener() {...},0,66,2,2,0,16,2,11,0,11
com.irurueta:irurueta-navigation,com.irurueta.navigation.inertial.calibration.accelerometer,LMedSRobustKnownPositionAccelerometerCalibrator.new LMedSRobustEstimatorListener() {...},12,50,3,1,3,12,3,9,1,9
com.irurueta:irurueta-navigation,com.irurueta.navigation.inertial.calibration.accelerometer,PROSACRobustKnownBiasAndFrameAccelerometerCalibrator.new PROSACRobustEstimatorListener() {...},12,58,3,1,3,14,3,11,1,11
com.irurueta:irurueta-navigation,com.irurueta.navigation.inertial.calibration.accelerometer,PROMedSRobustKnownPositionAccelerometerCalibrator.new PROMedSRobustEstimatorListener() {...},12,58,3,1,3,14,3,11,1,11
com.irurueta:irurueta-navigation,com.irurueta.navigation.inertial.calibration.accelerometer,LMedSRobustKnownBiasAndFrameAccelerometerCalibrator,22,457,3,9,7,108,3,47,0,44
com.irurueta:irurueta-navigation,com.irurueta.navigation.inertial.calibration.accelerometer,PROSACRobustKnownFrameAccelerometerCalibrator.new PROSACRobustEstimatorListener() {...},12,58,3,1,3,14,3,11,1,11
com.irurueta:irurueta-navigation,com.irurueta.navigation.inertial.calibration.accelerometer,RANSACRobustKnownBiasAndFrameAccelerometerCalibrator,22,743,5,19,7,121,5,55,0,48
com.irurueta:irurueta-navigation,com.irurueta.navigation.inertial.calibration.accelerometer,BaseBiasGravityNormAccelerometerCalibrator.new LevenbergMarquardtMultiDimensionFunctionEvaluator() {...},0,78,0,6,0,15,0,7,0,4
com.irurueta:irurueta-navigation,com.irurueta.navigation.inertial.calibration.accelerometer,BaseBiasGravityNormAccelerometerCalibrator.new MultiDimensionFunctionEvaluatorListener() {...},0,11,0,0,0,2,0,2,0,2
com.irurueta:irurueta-navigation,com.irurueta.navigation.inertial.calibration.accelerometer,BaseBiasGravityNormAccelerometerCalibrator.new LevenbergMarquardtMultiDimensionFunctionEvaluator() {...},0,49,0,0,0,8,0,4,0,4
com.irurueta:irurueta-navigation,com.irurueta.navigation.inertial.calibration.accelerometer,BaseBiasGravityNormAccelerometerCalibrator.new MultiDimensionFunctionEvaluatorListener() {...},0,11,0,0,0,2,0,2,0,2
com.irurueta:irurueta-navigation,com.irurueta.navigation.inertial.calibration.accelerometer,RANSACRobustKnownBiasAndGravityNormAccelerometerCalibrator,22,768,5,19,7,123,5,56,0,49
com.irurueta:irurueta-navigation,com.irurueta.navigation.inertial.calibration.accelerometer,PROSACRobustKnownBiasAndGravityNormAccelerometerCalibrator,26,1434,7,29,8,233,7,97,0,86
com.irurueta:irurueta-navigation,com.irurueta.navigation.inertial.calibration.accelerometer,LMedSRobustKnownBiasAndFrameAccelerometerCalibrator.new LMedSRobustEstimatorListener() {...},0,62,2,2,0,15,2,10,0,10
com.irurueta:irurueta-navigation,com.irurueta.navigation.inertial.calibration.accelerometer,RobustKnownGravityNormAccelerometerCalibrator,111,5891,9,587,31,1083,10,689,1,289
com.irurueta:irurueta-navigation,com.irurueta.navigation.inertial.calibration.accelerometer,MSACRobustKnownBiasAndGravityNormAccelerometerCalibrator,22,472,3,9,7,109,3,48,0,45
com.irurueta:irurueta-navigation,com.irurueta.navigation.inertial.calibration.accelerometer,PROMedSRobustKnownGravityNormAccelerometerCalibrator,26,943,5,19,8,220,5,89,0,82
com.irurueta:irurueta-navigation,com.irurueta.navigation.inertial.calibration.accelerometer,MSACRobustKnownPositionAccelerometerCalibrator,22,476,3,9,7,110,3,48,0,45
com.irurueta:irurueta-navigation,com.irurueta.navigation.inertial.calibration.accelerometer,LMedSRobustKnownFrameAccelerometerCalibrator,22,153,3,9,7,44,3,15,0,12
com.irurueta:irurueta-navigation,com.irurueta.navigation.inertial.calibration.accelerometer,KnownPositionAccelerometerCalibrator,81,2686,2,12,79,650,2,246,0,241
com.irurueta:irurueta-navigation,com.irurueta.navigation.inertial.calibration.accelerometer,BaseGravityNormAccelerometerCalibrator.new MultiDimensionFunctionEvaluatorListener() {...},0,11,0,0,0,2,0,2,0,2
com.irurueta:irurueta-navigation,com.irurueta.navigation.inertial.calibration.accelerometer,BaseGravityNormAccelerometerCalibrator.new MultiDimensionFunctionEvaluatorListener() {...},0,11,0,0,0,2,0,2,0,2
com.irurueta:irurueta-navigation,com.irurueta.navigation.inertial.calibration.accelerometer,BaseGravityNormAccelerometerCalibrator.new LevenbergMarquardtMultiDimensionFunctionEvaluator() {...},0,86,0,4,0,14,0,6,0,4
com.irurueta:irurueta-navigation,com.irurueta.navigation.inertial.calibration.accelerometer,BaseGravityNormAccelerometerCalibrator.new LevenbergMarquardtMultiDimensionFunctionEvaluator() {...},0,95,0,8,0,17,0,8,0,4
com.irurueta:irurueta-navigation,com.irurueta.navigation.inertial.calibration.accelerometer,RobustKnownBiasAndFrameAccelerometerCalibrator,28,5410,2,518,14,992,2,628,0,256
com.irurueta:irurueta-navigation,com.irurueta.navigation.inertial.calibration.accelerometer,PROMedSRobustKnownFrameAccelerometerCalibrator.new PROMedSRobustEstimatorListener() {...},12,58,3,1,3,14,3,11,1,11
com.irurueta:irurueta-navigation,com.irurueta.navigation.inertial.calibration.accelerometer,LMedSRobustKnownBiasAndGravityNormAccelerometerCalibrator.new LMedSRobustEstimatorListener() {...},12,50,3,1,3,12,3,9,1,9
com.irurueta:irurueta-navigation,com.irurueta.navigation.inertial.calibration.accelerometer,RobustKnownGravityNormAccelerometerCalibrator.PreliminaryResult,0,3,0,0,0,1,0,1,0,1
com.irurueta:irurueta-navigation,com.irurueta.navigation.inertial.calibration.accelerometer,RobustKnownBiasAndPositionAccelerometerCalibrator.PreliminaryResult,0,3,0,0,0,1,0,1,0,1
com.irurueta:irurueta-navigation,com.irurueta.navigation.inertial.calibration.accelerometer,PROSACRobustKnownBiasAndFrameAccelerometerCalibrator,22,1124,8,28,7,240,8,98,0,88
com.irurueta:irurueta-navigation,com.irurueta.navigation.inertial.calibration.accelerometer,RANSACRobustKnownBiasAndGravityNormAccelerometerCalibrator.new RANSACRobustEstimatorListener() {...},0,66,2,2,0,16,2,11,0,11
com.irurueta:irurueta-navigation,com.irurueta.navigation.inertial.calibration.accelerometer,PROSACRobustKnownPositionAccelerometerCalibrator.new PROSACRobustEstimatorListener() {...},0,70,2,2,0,17,2,12,0,12
com.irurueta:irurueta-navigation,com.irurueta.navigation.inertial.calibration.accelerometer,LMedSRobustKnownBiasAndPositionAccelerometerCalibrator,22,480,3,9,7,111,3,48,0,45
com.irurueta:irurueta-navigation,com.irurueta.navigation.inertial.calibration.accelerometer,LMedSRobustKnownGravityNormAccelerometerCalibrator.new LMedSRobustEstimatorListener() {...},12,50,3,1,3,12,3,9,1,9
com.irurueta:irurueta-navigation,com.irurueta.navigation.inertial.calibration.accelerometer,KnownFrameAccelerometerNonLinearLeastSquaresCalibrator,29,2781,3,181,17,712,3,279,0,190
com.irurueta:irurueta-navigation,com.irurueta.navigation.inertial.calibration.accelerometer,PROMedSRobustKnownPositionAccelerometerCalibrator,22,941,4,20,7,219,4,89,0,81
com.irurueta:irurueta-navigation,com.irurueta.navigation.inertial.calibration.accelerometer,MSACRobustKnownBiasAndGravityNormAccelerometerCalibrator.new MSACRobustEstimatorListener() {...},0,66,2,2,0,16,2,11,0,11
com.irurueta:irurueta-navigation,com.irurueta.navigation.inertial.calibration.accelerometer,MSACRobustKnownGravityNormAccelerometerCalibrator,22,472,3,9,7,109,3,48,0,45
com.irurueta:irurueta-navigation,com.irurueta.navigation.inertial.calibration.accelerometer,PROSACRobustKnownFrameAccelerometerCalibrator,22,424,8,28,7,92,8,38,0,28
com.irurueta:irurueta-navigation,com.irurueta.navigation.inertial.calibration.accelerometer,RobustKnownPositionAccelerometerCalibrator,137,5878,10,577,34,1080,11,682,1,289
com.irurueta:irurueta-navigation,com.irurueta.navigation.inertial.calibration.accelerometer,PROSACRobustKnownGravityNormAccelerometerCalibrator,26,1434,7,29,8,233,7,97,0,86
com.irurueta:irurueta-navigation,com.irurueta.navigation.inertial.calibration.accelerometer,RANSACRobustKnownBiasAndPositionAccelerometerCalibrator.new RANSACRobustEstimatorListener() {...},0,66,2,2,0,16,2,11,0,11
com.irurueta:irurueta-navigation,com.irurueta.navigation.inertial.calibration.accelerometer,PROSACRobustKnownPositionAccelerometerCalibrator,22,1426,6,30,7,232,6,97,0,85
com.irurueta:irurueta-navigation,com.irurueta.navigation.inertial.calibration.accelerometer,PROMedSRobustKnownFrameAccelerometerCalibrator,22,281,6,18,7,79,6,30,0,24
com.irurueta:irurueta-navigation,com.irurueta.navigation.inertial.calibration.accelerometer,LMedSRobustKnownBiasAndGravityNormAccelerometerCalibrator,22,476,3,9,7,110,3,48,0,45
com.irurueta:irurueta-navigation,com.irurueta.navigation.inertial.calibration.accelerometer,KnownBiasAndFrameAccelerometerNonLinearLeastSquaresCalibrator.new LevenbergMarquardtMultiVariateFunctionEvaluator() {...},0,313,0,0,0,57,0,5,0,5
com.irurueta:irurueta-navigation,com.irurueta.navigation.inertial.calibration.accelerometer,KnownBiasAndFrameAccelerometerNonLinearLeastSquaresCalibrator.new LevenbergMarquardtMultiVariateFunctionEvaluator() {...},0,226,0,0,0,42,0,5,0,5
com.irurueta:irurueta-navigation,com.irurueta.navigation.inertial.calibration.accelerometer,PROMedSRobustKnownBiasAndFrameAccelerometerCalibrator.new PROMedSRobustEstimatorListener() {...},12,58,3,1,3,14,3,11,1,11
com.irurueta:irurueta-navigation,com.irurueta.navigation.inertial.calibration.accelerometer,RobustKnownFrameAccelerometerCalibrator.PreliminaryResult,0,3,0,0,0,1,0,1,0,1
com.irurueta:irurueta-navigation,com.irurueta.navigation.inertial.calibration.accelerometer,PROMedSRobustKnownGravityNormAccelerometerCalibrator.new PROMedSRobustEstimatorListener() {...},12,58,3,1,3,14,3,11,1,11
com.irurueta:irurueta-navigation,com.irurueta.navigation.inertial.calibration.accelerometer,PROMedSRobustKnownBiasAndPositionAccelerometerCalibrator.new PROMedSRobustEstimatorListener() {...},0,70,2,2,0,17,2,12,0,12
com.irurueta:irurueta-navigation,com.irurueta.navigation.inertial.calibration.accelerometer,RobustKnownBiasAndGravityNormAccelerometerCalibrator,48,5442,7,523,20,972,7,624,0,255
com.irurueta:irurueta-navigation,com.irurueta.navigation.inertial.calibration.accelerometer,MSACRobustKnownFrameAccelerometerCalibrator.new MSACRobustEstimatorListener() {...},0,66,2,2,0,16,2,11,0,11
com.irurueta:irurueta-navigation,com.irurueta.navigation.frames,ECIorECEFFrame,3,560,6,10,2,130,6,54,0,52
com.irurueta:irurueta-navigation,com.irurueta.navigation.frames,ECEFFrame,0,520,0,12,0,157,0,58,0,52
com.irurueta:irurueta-navigation,com.irurueta.navigation.frames,FrameException,0,16,0,0,0,8,0,4,0,4
com.irurueta:irurueta-navigation,com.irurueta.navigation.frames,InvalidSourceAndDestinationFrameTypeException,0,16,0,0,0,8,0,4,0,4
com.irurueta:irurueta-navigation,com.irurueta.navigation.frames,NEDFrame,3,929,6,22,2,248,6,96,0,88
com.irurueta:irurueta-navigation,com.irurueta.navigation.frames,CoordinateTransformation,28,1213,5,25,20,310,5,97,0,87
com.irurueta:irurueta-navigation,com.irurueta.navigation.frames,FrameType,0,54,0,0,0,6,0,1,0,1
com.irurueta:irurueta-navigation,com.irurueta.navigation.frames,ECIFrame,0,266,0,12,0,84,0,33,0,27
